2025/04/21 13:50:18 - mmengine - INFO - 
------------------------------------------------------------
System environment:
    sys.platform: linux
    Python: 3.10.13 (main, Sep 11 2023, 13:44:35) [GCC 11.2.0]
    CUDA available: True
    numpy_random_seed: 1727879612
    CUDA_HOME: None
    GCC: gcc (GCC) 8.5.0 20210514 (Red Hat 8.5.0-24)
    PyTorch: 1.13.1+cu117
    PyTorch compiling details: PyTorch built with:
  - GCC 9.3
  - C++ Version: 201402
  - Intel(R) Math Kernel Library Version 2020.0.0 Product Build 20191122 for Intel(R) 64 architecture applications
  - Intel(R) MKL-DNN v2.6.0 (Git Hash 52b5f107dd9cf10910aaa19cb47f3abf9b349815)
  - OpenMP 201511 (a.k.a. OpenMP 4.5)
  - LAPACK is enabled (usually provided by MKL)
  - NNPACK is enabled
  - CPU capability usage: AVX2
  - CUDA Runtime 11.7
  - NVCC architecture flags: -gencode;arch=compute_37,code=sm_37;-gencode;arch=compute_50,code=sm_50;-gencode;arch=compute_60,code=sm_60;-gencode;arch=compute_70,code=sm_70;-gencode;arch=compute_75,code=sm_75;-gencode;arch=compute_80,code=sm_80;-gencode;arch=compute_86,code=sm_86
  - CuDNN 8.5
  - Magma 2.6.1
  - Build settings: BLAS_INFO=mkl, BUILD_TYPE=Release, CUDA_VERSION=11.7, CUDNN_VERSION=8.5.0, CXX_COMPILER=/opt/rh/devtoolset-9/root/usr/bin/c++, CXX_FLAGS= -fabi-version=11 -Wno-deprecated -fvisibility-inlines-hidden -DUSE_PTHREADPOOL -fopenmp -DNDEBUG -DUSE_KINETO -DUSE_FBGEMM -DUSE_QNNPACK -DUSE_PYTORCH_QNNPACK -DUSE_XNNPACK -DSYMBOLICATE_MOBILE_DEBUG_HANDLE -DEDGE_PROFILER_USE_KINETO -O2 -fPIC -Wno-narrowing -Wall -Wextra -Werror=return-type -Werror=non-virtual-dtor -Wno-missing-field-initializers -Wno-type-limits -Wno-array-bounds -Wno-unknown-pragmas -Wunused-local-typedefs -Wno-unused-parameter -Wno-unused-function -Wno-unused-result -Wno-strict-overflow -Wno-strict-aliasing -Wno-error=deprecated-declarations -Wno-stringop-overflow -Wno-psabi -Wno-error=pedantic -Wno-error=redundant-decls -Wno-error=old-style-cast -fdiagnostics-color=always -faligned-new -Wno-unused-but-set-variable -Wno-maybe-uninitialized -fno-math-errno -fno-trapping-math -Werror=format -Werror=cast-function-type -Wno-stringop-overflow, LAPACK_INFO=mkl, PERF_WITH_AVX=1, PERF_WITH_AVX2=1, PERF_WITH_AVX512=1, TORCH_VERSION=1.13.1, USE_CUDA=ON, USE_CUDNN=ON, USE_EXCEPTION_PTR=1, USE_GFLAGS=OFF, USE_GLOG=OFF, USE_MKL=ON, USE_MKLDNN=ON, USE_MPI=OFF, USE_NCCL=ON, USE_NNPACK=ON, USE_OPENMP=ON, USE_ROCM=OFF, 

    TorchVision: 0.14.1+cu117
    OpenCV: 4.6.0
    MMEngine: 0.8.4

Runtime environment:
    cudnn_benchmark: True
    mp_cfg: {'mp_start_method': 'fork', 'opencv_num_threads': 0}
    dist_cfg: {'backend': 'nccl'}
    seed: 1727879612
    Distributed launcher: none
    Distributed training: False
    GPU number: 1
------------------------------------------------------------

2025/04/21 13:50:18 - mmengine - INFO - Config:
data_root = '/home/qta2szh/datasets/VOC/VOCdevkit/VOC2012'
dataset_type = 'PascalVOC20Dataset'
default_hooks = dict(
    checkpoint=dict(by_epoch=False, interval=2000, type='CheckpointHook'),
    logger=dict(interval=50, log_metric_by_epoch=False, type='LoggerHook'),
    param_scheduler=dict(type='ParamSchedulerHook'),
    sampler_seed=dict(type='DistSamplerSeedHook'),
    timer=dict(type='IterTimerHook'),
    visualization=dict(interval=2, type='SegVisualizationHook'))
default_scope = 'mmseg'
env_cfg = dict(
    cudnn_benchmark=True,
    dist_cfg=dict(backend='nccl'),
    mp_cfg=dict(mp_start_method='fork', opencv_num_threads=0))
launcher = 'none'
load_from = None
log_level = 'INFO'
log_processor = dict(by_epoch=False)
model = dict(
    clip_type='CLIP',
    ignore_residual=True,
    model_type='GEM',
    name_path='./configs/cls_voc20.txt',
    type='ClearCLIPSegmentation',
    vit_type='ViT-B/16')
resume = False
test_cfg = dict(type='TestLoop')
test_dataloader = dict(
    batch_size=1,
    dataset=dict(
        ann_file='ImageSets/Segmentation/val.txt',
        data_prefix=dict(
            img_path='JPEGImages', seg_map_path='SegmentationClass'),
        data_root='/home/qta2szh/datasets/VOC/VOCdevkit/VOC2012',
        pipeline=[
            dict(type='LoadImageFromFile'),
            dict(keep_ratio=True, scale=(
                2048,
                448,
            ), type='Resize'),
            dict(type='LoadAnnotations'),
            dict(type='PackSegInputs'),
        ],
        type='PascalVOC20Dataset'),
    num_workers=4,
    persistent_workers=True,
    sampler=dict(shuffle=False, type='DefaultSampler'))
test_evaluator = dict(
    iou_metrics=[
        'mIoU',
    ], type='IoUMetric')
test_pipeline = [
    dict(type='LoadImageFromFile'),
    dict(keep_ratio=True, scale=(
        2048,
        448,
    ), type='Resize'),
    dict(type='LoadAnnotations'),
    dict(type='PackSegInputs'),
]
vis_backends = [
    dict(type='LocalVisBackend'),
]
visualizer = dict(
    alpha=1.0,
    name='visualizer',
    type='SegLocalVisualizer',
    vis_backends=[
        dict(type='LocalVisBackend'),
    ])
work_dir = '/home/qta2szh/CLIP/ClearCLIP/work_logs'

2025/04/21 13:50:25 - mmengine - INFO - Distributed training is not used, all SyncBatchNorm (SyncBN) layers in the model will be automatically reverted to BatchNormXd layers if they are used.
2025/04/21 13:50:25 - mmengine - INFO - Hooks will be executed in the following order:
before_run:
(VERY_HIGH   ) RuntimeInfoHook                    
(BELOW_NORMAL) LoggerHook                         
 -------------------- 
before_train:
(VERY_HIGH   ) RuntimeInfoHook                    
(NORMAL      ) IterTimerHook                      
(VERY_LOW    ) CheckpointHook                     
 -------------------- 
before_train_epoch:
(VERY_HIGH   ) RuntimeInfoHook                    
(NORMAL      ) IterTimerHook                      
(NORMAL      ) DistSamplerSeedHook                
 -------------------- 
before_train_iter:
(VERY_HIGH   ) RuntimeInfoHook                    
(NORMAL      ) IterTimerHook                      
 -------------------- 
after_train_iter:
(VERY_HIGH   ) RuntimeInfoHook                    
(NORMAL      ) IterTimerHook                      
(NORMAL      ) SegVisualizationHook               
(BELOW_NORMAL) LoggerHook                         
(LOW         ) ParamSchedulerHook                 
(VERY_LOW    ) CheckpointHook                     
 -------------------- 
after_train_epoch:
(NORMAL      ) IterTimerHook                      
(LOW         ) ParamSchedulerHook                 
(VERY_LOW    ) CheckpointHook                     
 -------------------- 
before_val:
(VERY_HIGH   ) RuntimeInfoHook                    
 -------------------- 
before_val_epoch:
(NORMAL      ) IterTimerHook                      
 -------------------- 
before_val_iter:
(NORMAL      ) IterTimerHook                      
 -------------------- 
after_val_iter:
(NORMAL      ) IterTimerHook                      
(NORMAL      ) SegVisualizationHook               
(BELOW_NORMAL) LoggerHook                         
 -------------------- 
after_val_epoch:
(VERY_HIGH   ) RuntimeInfoHook                    
(NORMAL      ) IterTimerHook                      
(BELOW_NORMAL) LoggerHook                         
(LOW         ) ParamSchedulerHook                 
(VERY_LOW    ) CheckpointHook                     
 -------------------- 
after_val:
(VERY_HIGH   ) RuntimeInfoHook                    
 -------------------- 
after_train:
(VERY_HIGH   ) RuntimeInfoHook                    
(VERY_LOW    ) CheckpointHook                     
 -------------------- 
before_test:
(VERY_HIGH   ) RuntimeInfoHook                    
 -------------------- 
before_test_epoch:
(NORMAL      ) IterTimerHook                      
 -------------------- 
before_test_iter:
(NORMAL      ) IterTimerHook                      
 -------------------- 
after_test_iter:
(NORMAL      ) IterTimerHook                      
(NORMAL      ) SegVisualizationHook               
(BELOW_NORMAL) LoggerHook                         
 -------------------- 
after_test_epoch:
(VERY_HIGH   ) RuntimeInfoHook                    
(NORMAL      ) IterTimerHook                      
(BELOW_NORMAL) LoggerHook                         
 -------------------- 
after_test:
(VERY_HIGH   ) RuntimeInfoHook                    
 -------------------- 
after_run:
(BELOW_NORMAL) LoggerHook                         
 -------------------- 
2025/04/21 13:50:25 - mmengine - WARNING - The prefix is not set in metric class IoUMetric.
2025/04/21 13:50:33 - mmengine - INFO - Iter(test) [  50/1449]    eta: 0:03:43  time: 0.1529  data_time: 0.0014  memory: 553  
2025/04/21 13:50:40 - mmengine - INFO - Iter(test) [ 100/1449]    eta: 0:03:21  time: 0.1461  data_time: 0.0012  memory: 547  
2025/04/21 13:50:48 - mmengine - INFO - Iter(test) [ 150/1449]    eta: 0:03:16  time: 0.1565  data_time: 0.0012  memory: 561  
2025/04/21 13:50:55 - mmengine - INFO - Iter(test) [ 200/1449]    eta: 0:03:06  time: 0.1513  data_time: 0.0014  memory: 550  
2025/04/21 13:51:02 - mmengine - INFO - Iter(test) [ 250/1449]    eta: 0:02:56  time: 0.1378  data_time: 0.0013  memory: 550  
2025/04/21 13:51:09 - mmengine - INFO - Iter(test) [ 300/1449]    eta: 0:02:49  time: 0.1419  data_time: 0.0013  memory: 548  
2025/04/21 13:51:16 - mmengine - INFO - Iter(test) [ 350/1449]    eta: 0:02:40  time: 0.1337  data_time: 0.0012  memory: 547  
2025/04/21 13:51:24 - mmengine - INFO - Iter(test) [ 400/1449]    eta: 0:02:35  time: 0.1602  data_time: 0.0012  memory: 550  
2025/04/21 13:51:31 - mmengine - INFO - Iter(test) [ 450/1449]    eta: 0:02:27  time: 0.1490  data_time: 0.0014  memory: 550  
2025/04/21 13:51:39 - mmengine - INFO - Iter(test) [ 500/1449]    eta: 0:02:20  time: 0.1563  data_time: 0.0012  memory: 566  
2025/04/21 13:51:46 - mmengine - INFO - Iter(test) [ 550/1449]    eta: 0:02:12  time: 0.1371  data_time: 0.0012  memory: 552  
2025/04/21 13:51:53 - mmengine - INFO - Iter(test) [ 600/1449]    eta: 0:02:04  time: 0.1398  data_time: 0.0012  memory: 550  
2025/04/21 13:52:00 - mmengine - INFO - Iter(test) [ 650/1449]    eta: 0:01:57  time: 0.1604  data_time: 0.0014  memory: 547  
2025/04/21 13:52:08 - mmengine - INFO - Iter(test) [ 700/1449]    eta: 0:01:49  time: 0.1482  data_time: 0.0013  memory: 549  
2025/04/21 13:52:15 - mmengine - INFO - Iter(test) [ 750/1449]    eta: 0:01:42  time: 0.1349  data_time: 0.0013  memory: 550  
2025/04/21 13:52:23 - mmengine - INFO - Iter(test) [ 800/1449]    eta: 0:01:35  time: 0.2027  data_time: 0.0013  memory: 554  
2025/04/21 13:52:30 - mmengine - INFO - Iter(test) [ 850/1449]    eta: 0:01:28  time: 0.1316  data_time: 0.0013  memory: 549  
2025/04/21 13:52:37 - mmengine - INFO - Iter(test) [ 900/1449]    eta: 0:01:20  time: 0.1468  data_time: 0.0013  memory: 546  
2025/04/21 13:52:44 - mmengine - INFO - Iter(test) [ 950/1449]    eta: 0:01:13  time: 0.1461  data_time: 0.0012  memory: 547  
2025/04/21 13:52:52 - mmengine - INFO - Iter(test) [1000/1449]    eta: 0:01:06  time: 0.1444  data_time: 0.0012  memory: 551  
2025/04/21 13:52:59 - mmengine - INFO - Iter(test) [1050/1449]    eta: 0:00:58  time: 0.1308  data_time: 0.0012  memory: 548  
2025/04/21 13:53:06 - mmengine - INFO - Iter(test) [1100/1449]    eta: 0:00:51  time: 0.1575  data_time: 0.0012  memory: 557  
2025/04/21 13:53:13 - mmengine - INFO - Iter(test) [1150/1449]    eta: 0:00:43  time: 0.1453  data_time: 0.0012  memory: 549  
2025/04/21 13:53:20 - mmengine - INFO - Iter(test) [1200/1449]    eta: 0:00:36  time: 0.1686  data_time: 0.0013  memory: 549  
2025/04/21 13:53:27 - mmengine - INFO - Iter(test) [1250/1449]    eta: 0:00:29  time: 0.1381  data_time: 0.0012  memory: 556  
2025/04/21 13:53:34 - mmengine - INFO - Iter(test) [1300/1449]    eta: 0:00:21  time: 0.1310  data_time: 0.0012  memory: 549  
2025/04/21 13:53:42 - mmengine - INFO - Iter(test) [1350/1449]    eta: 0:00:14  time: 0.1554  data_time: 0.0013  memory: 549  
2025/04/21 13:53:48 - mmengine - INFO - Iter(test) [1400/1449]    eta: 0:00:07  time: 0.1322  data_time: 0.0012  memory: 546  
2025/04/21 13:53:55 - mmengine - INFO - per class results:
2025/04/21 13:53:55 - mmengine - INFO - 
+-------------+-------+-------+
|    Class    |  IoU  |  Acc  |
+-------------+-------+-------+
|  aeroplane  | 95.41 | 97.02 |
|   bicycle   |  70.4 |  97.4 |
|     bird    | 93.35 |  96.9 |
|     boat    | 83.99 | 89.13 |
|    bottle   | 79.96 | 89.21 |
|     bus     | 92.16 | 94.05 |
|     car     | 90.13 | 98.12 |
|     cat     | 92.74 | 95.11 |
|    chair    | 42.62 | 52.43 |
|     cow     | 88.57 | 94.01 |
| diningtable | 46.61 | 93.18 |
|     dog     | 89.82 | 92.25 |
|    horse    | 90.23 | 95.59 |
|  motorbike  | 81.34 | 91.29 |
|    person   | 72.85 | 75.75 |
| pottedplant | 80.17 | 92.67 |
|    sheep    | 84.48 | 97.23 |
|     sofa    | 71.32 | 93.41 |
|    train    | 95.91 | 96.57 |
|  tvmonitor  | 62.48 | 62.69 |
+-------------+-------+-------+
2025/04/21 13:53:55 - mmengine - INFO - Iter(test) [1449/1449]    aAcc: 88.4700  mIoU: 80.2300  mAcc: 89.7000  data_time: 0.0015  time: 0.1451
