2025/04/21 14:55:13 - mmengine - INFO - 
------------------------------------------------------------
System environment:
    sys.platform: linux
    Python: 3.10.13 (main, Sep 11 2023, 13:44:35) [GCC 11.2.0]
    CUDA available: True
    numpy_random_seed: 525395763
    CUDA_HOME: None
    GCC: gcc (GCC) 8.5.0 20210514 (Red Hat 8.5.0-24)
    PyTorch: 1.13.1+cu117
    PyTorch compiling details: PyTorch built with:
  - GCC 9.3
  - C++ Version: 201402
  - Intel(R) Math Kernel Library Version 2020.0.0 Product Build 20191122 for Intel(R) 64 architecture applications
  - Intel(R) MKL-DNN v2.6.0 (Git Hash 52b5f107dd9cf10910aaa19cb47f3abf9b349815)
  - OpenMP 201511 (a.k.a. OpenMP 4.5)
  - LAPACK is enabled (usually provided by MKL)
  - NNPACK is enabled
  - CPU capability usage: AVX2
  - CUDA Runtime 11.7
  - NVCC architecture flags: -gencode;arch=compute_37,code=sm_37;-gencode;arch=compute_50,code=sm_50;-gencode;arch=compute_60,code=sm_60;-gencode;arch=compute_70,code=sm_70;-gencode;arch=compute_75,code=sm_75;-gencode;arch=compute_80,code=sm_80;-gencode;arch=compute_86,code=sm_86
  - CuDNN 8.5
  - Magma 2.6.1
  - Build settings: BLAS_INFO=mkl, BUILD_TYPE=Release, CUDA_VERSION=11.7, CUDNN_VERSION=8.5.0, CXX_COMPILER=/opt/rh/devtoolset-9/root/usr/bin/c++, CXX_FLAGS= -fabi-version=11 -Wno-deprecated -fvisibility-inlines-hidden -DUSE_PTHREADPOOL -fopenmp -DNDEBUG -DUSE_KINETO -DUSE_FBGEMM -DUSE_QNNPACK -DUSE_PYTORCH_QNNPACK -DUSE_XNNPACK -DSYMBOLICATE_MOBILE_DEBUG_HANDLE -DEDGE_PROFILER_USE_KINETO -O2 -fPIC -Wno-narrowing -Wall -Wextra -Werror=return-type -Werror=non-virtual-dtor -Wno-missing-field-initializers -Wno-type-limits -Wno-array-bounds -Wno-unknown-pragmas -Wunused-local-typedefs -Wno-unused-parameter -Wno-unused-function -Wno-unused-result -Wno-strict-overflow -Wno-strict-aliasing -Wno-error=deprecated-declarations -Wno-stringop-overflow -Wno-psabi -Wno-error=pedantic -Wno-error=redundant-decls -Wno-error=old-style-cast -fdiagnostics-color=always -faligned-new -Wno-unused-but-set-variable -Wno-maybe-uninitialized -fno-math-errno -fno-trapping-math -Werror=format -Werror=cast-function-type -Wno-stringop-overflow, LAPACK_INFO=mkl, PERF_WITH_AVX=1, PERF_WITH_AVX2=1, PERF_WITH_AVX512=1, TORCH_VERSION=1.13.1, USE_CUDA=ON, USE_CUDNN=ON, USE_EXCEPTION_PTR=1, USE_GFLAGS=OFF, USE_GLOG=OFF, USE_MKL=ON, USE_MKLDNN=ON, USE_MPI=OFF, USE_NCCL=ON, USE_NNPACK=ON, USE_OPENMP=ON, USE_ROCM=OFF, 

    TorchVision: 0.14.1+cu117
    OpenCV: 4.6.0
    MMEngine: 0.8.4

Runtime environment:
    cudnn_benchmark: True
    mp_cfg: {'mp_start_method': 'fork', 'opencv_num_threads': 0}
    dist_cfg: {'backend': 'nccl'}
    seed: 525395763
    Distributed launcher: none
    Distributed training: False
    GPU number: 1
------------------------------------------------------------

2025/04/21 14:55:13 - mmengine - INFO - Config:
data_root = '/home/qta2szh/datasets/VOC/VOCdevkit/VOC2012'
dataset_type = 'PascalVOC20Dataset'
default_hooks = dict(
    checkpoint=dict(by_epoch=False, interval=2000, type='CheckpointHook'),
    logger=dict(interval=50, log_metric_by_epoch=False, type='LoggerHook'),
    param_scheduler=dict(type='ParamSchedulerHook'),
    sampler_seed=dict(type='DistSamplerSeedHook'),
    timer=dict(type='IterTimerHook'),
    visualization=dict(interval=2, type='SegVisualizationHook'))
default_scope = 'mmseg'
env_cfg = dict(
    cudnn_benchmark=True,
    dist_cfg=dict(backend='nccl'),
    mp_cfg=dict(mp_start_method='fork', opencv_num_threads=0))
launcher = 'none'
load_from = None
log_level = 'INFO'
log_processor = dict(by_epoch=False)
model = dict(
    clip_type='CLIP',
    ignore_residual=True,
    model_type='GEM',
    name_path='./configs/cls_voc20.txt',
    type='ClearCLIPSegmentation',
    vit_type='ViT-L-14')
resume = False
test_cfg = dict(type='TestLoop')
test_dataloader = dict(
    batch_size=1,
    dataset=dict(
        ann_file='ImageSets/Segmentation/val.txt',
        data_prefix=dict(
            img_path='JPEGImages', seg_map_path='SegmentationClass'),
        data_root='/home/qta2szh/datasets/VOC/VOCdevkit/VOC2012',
        pipeline=[
            dict(type='LoadImageFromFile'),
            dict(keep_ratio=True, scale=(
                2048,
                448,
            ), type='Resize'),
            dict(type='LoadAnnotations'),
            dict(type='PackSegInputs'),
        ],
        type='PascalVOC20Dataset'),
    num_workers=4,
    persistent_workers=True,
    sampler=dict(shuffle=False, type='DefaultSampler'))
test_evaluator = dict(
    iou_metrics=[
        'mIoU',
    ], type='IoUMetric')
test_pipeline = [
    dict(type='LoadImageFromFile'),
    dict(keep_ratio=True, scale=(
        2048,
        448,
    ), type='Resize'),
    dict(type='LoadAnnotations'),
    dict(type='PackSegInputs'),
]
vis_backends = [
    dict(type='LocalVisBackend'),
]
visualizer = dict(
    alpha=1.0,
    name='visualizer',
    type='SegLocalVisualizer',
    vis_backends=[
        dict(type='LocalVisBackend'),
    ])
work_dir = '/home/qta2szh/CLIP/ClearCLIP/work_logs'

2025/04/21 14:56:17 - mmengine - INFO - Distributed training is not used, all SyncBatchNorm (SyncBN) layers in the model will be automatically reverted to BatchNormXd layers if they are used.
2025/04/21 14:56:17 - mmengine - INFO - Hooks will be executed in the following order:
before_run:
(VERY_HIGH   ) RuntimeInfoHook                    
(BELOW_NORMAL) LoggerHook                         
 -------------------- 
before_train:
(VERY_HIGH   ) RuntimeInfoHook                    
(NORMAL      ) IterTimerHook                      
(VERY_LOW    ) CheckpointHook                     
 -------------------- 
before_train_epoch:
(VERY_HIGH   ) RuntimeInfoHook                    
(NORMAL      ) IterTimerHook                      
(NORMAL      ) DistSamplerSeedHook                
 -------------------- 
before_train_iter:
(VERY_HIGH   ) RuntimeInfoHook                    
(NORMAL      ) IterTimerHook                      
 -------------------- 
after_train_iter:
(VERY_HIGH   ) RuntimeInfoHook                    
(NORMAL      ) IterTimerHook                      
(NORMAL      ) SegVisualizationHook               
(BELOW_NORMAL) LoggerHook                         
(LOW         ) ParamSchedulerHook                 
(VERY_LOW    ) CheckpointHook                     
 -------------------- 
after_train_epoch:
(NORMAL      ) IterTimerHook                      
(LOW         ) ParamSchedulerHook                 
(VERY_LOW    ) CheckpointHook                     
 -------------------- 
before_val:
(VERY_HIGH   ) RuntimeInfoHook                    
 -------------------- 
before_val_epoch:
(NORMAL      ) IterTimerHook                      
 -------------------- 
before_val_iter:
(NORMAL      ) IterTimerHook                      
 -------------------- 
after_val_iter:
(NORMAL      ) IterTimerHook                      
(NORMAL      ) SegVisualizationHook               
(BELOW_NORMAL) LoggerHook                         
 -------------------- 
after_val_epoch:
(VERY_HIGH   ) RuntimeInfoHook                    
(NORMAL      ) IterTimerHook                      
(BELOW_NORMAL) LoggerHook                         
(LOW         ) ParamSchedulerHook                 
(VERY_LOW    ) CheckpointHook                     
 -------------------- 
after_val:
(VERY_HIGH   ) RuntimeInfoHook                    
 -------------------- 
after_train:
(VERY_HIGH   ) RuntimeInfoHook                    
(VERY_LOW    ) CheckpointHook                     
 -------------------- 
before_test:
(VERY_HIGH   ) RuntimeInfoHook                    
 -------------------- 
before_test_epoch:
(NORMAL      ) IterTimerHook                      
 -------------------- 
before_test_iter:
(NORMAL      ) IterTimerHook                      
 -------------------- 
after_test_iter:
(NORMAL      ) IterTimerHook                      
(NORMAL      ) SegVisualizationHook               
(BELOW_NORMAL) LoggerHook                         
 -------------------- 
after_test_epoch:
(VERY_HIGH   ) RuntimeInfoHook                    
(NORMAL      ) IterTimerHook                      
(BELOW_NORMAL) LoggerHook                         
 -------------------- 
after_test:
(VERY_HIGH   ) RuntimeInfoHook                    
 -------------------- 
after_run:
(BELOW_NORMAL) LoggerHook                         
 -------------------- 
2025/04/21 14:56:17 - mmengine - WARNING - The prefix is not set in metric class IoUMetric.
2025/04/21 14:56:39 - mmengine - INFO - Iter(test) [  50/1449]    eta: 0:10:05  time: 0.4399  data_time: 0.0016  memory: 1310  
2025/04/21 14:56:59 - mmengine - INFO - Iter(test) [ 100/1449]    eta: 0:09:24  time: 0.4261  data_time: 0.0016  memory: 1305  
2025/04/21 14:57:21 - mmengine - INFO - Iter(test) [ 150/1449]    eta: 0:09:14  time: 0.4603  data_time: 0.0016  memory: 1319  
2025/04/21 14:57:42 - mmengine - INFO - Iter(test) [ 200/1449]    eta: 0:08:49  time: 0.4214  data_time: 0.0014  memory: 1308  
2025/04/21 14:58:03 - mmengine - INFO - Iter(test) [ 250/1449]    eta: 0:08:24  time: 0.4036  data_time: 0.0016  memory: 1307  
2025/04/21 14:58:24 - mmengine - INFO - Iter(test) [ 300/1449]    eta: 0:08:03  time: 0.4013  data_time: 0.0015  memory: 1307  
2025/04/21 14:58:44 - mmengine - INFO - Iter(test) [ 350/1449]    eta: 0:07:41  time: 0.3850  data_time: 0.0015  memory: 1304  
2025/04/21 14:59:06 - mmengine - INFO - Iter(test) [ 400/1449]    eta: 0:07:22  time: 0.4613  data_time: 0.0016  memory: 1307  
2025/04/21 14:59:27 - mmengine - INFO - Iter(test) [ 450/1449]    eta: 0:07:00  time: 0.4250  data_time: 0.0016  memory: 1307  
2025/04/21 14:59:48 - mmengine - INFO - Iter(test) [ 500/1449]    eta: 0:06:39  time: 0.4579  data_time: 0.0015  memory: 1324  
2025/04/21 15:00:09 - mmengine - INFO - Iter(test) [ 550/1449]    eta: 0:06:18  time: 0.4085  data_time: 0.0013  memory: 1308  
2025/04/21 15:00:30 - mmengine - INFO - Iter(test) [ 600/1449]    eta: 0:05:57  time: 0.4040  data_time: 0.0015  memory: 1307  
2025/04/21 15:00:51 - mmengine - INFO - Iter(test) [ 650/1449]    eta: 0:05:35  time: 0.4582  data_time: 0.0016  memory: 1305  
2025/04/21 15:01:11 - mmengine - INFO - Iter(test) [ 700/1449]    eta: 0:05:14  time: 0.4216  data_time: 0.0014  memory: 1307  
2025/04/21 15:01:32 - mmengine - INFO - Iter(test) [ 750/1449]    eta: 0:04:53  time: 0.3850  data_time: 0.0013  memory: 1307  
2025/04/21 15:01:56 - mmengine - INFO - Iter(test) [ 800/1449]    eta: 0:04:34  time: 0.5811  data_time: 0.0014  memory: 1313  
2025/04/21 15:02:16 - mmengine - INFO - Iter(test) [ 850/1449]    eta: 0:04:12  time: 0.3823  data_time: 0.0012  memory: 1307  
2025/04/21 15:02:37 - mmengine - INFO - Iter(test) [ 900/1449]    eta: 0:03:51  time: 0.4189  data_time: 0.0012  memory: 1305  
2025/04/21 15:02:57 - mmengine - INFO - Iter(test) [ 950/1449]    eta: 0:03:29  time: 0.4181  data_time: 0.0012  memory: 1304  
2025/04/21 15:03:18 - mmengine - INFO - Iter(test) [1000/1449]    eta: 0:03:08  time: 0.4187  data_time: 0.0012  memory: 1309  
2025/04/21 15:03:37 - mmengine - INFO - Iter(test) [1050/1449]    eta: 0:02:46  time: 0.3832  data_time: 0.0011  memory: 1305  
2025/04/21 15:03:57 - mmengine - INFO - Iter(test) [1100/1449]    eta: 0:02:25  time: 0.4541  data_time: 0.0012  memory: 1315  
2025/04/21 15:04:17 - mmengine - INFO - Iter(test) [1150/1449]    eta: 0:02:04  time: 0.4191  data_time: 0.0011  memory: 1306  
2025/04/21 15:04:37 - mmengine - INFO - Iter(test) [1200/1449]    eta: 0:01:43  time: 0.4373  data_time: 0.0012  memory: 1308  
2025/04/21 15:04:58 - mmengine - INFO - Iter(test) [1250/1449]    eta: 0:01:22  time: 0.4004  data_time: 0.0012  memory: 1312  
2025/04/21 15:05:19 - mmengine - INFO - Iter(test) [1300/1449]    eta: 0:01:02  time: 0.4261  data_time: 0.0012  memory: 1307  
2025/04/21 15:05:40 - mmengine - INFO - Iter(test) [1350/1449]    eta: 0:00:41  time: 0.4597  data_time: 0.0013  memory: 1307  
2025/04/21 15:06:00 - mmengine - INFO - Iter(test) [1400/1449]    eta: 0:00:20  time: 0.3830  data_time: 0.0012  memory: 1304  
2025/04/21 15:06:19 - mmengine - INFO - per class results:
2025/04/21 15:06:19 - mmengine - INFO - 
+-------------+-------+-------+
|    Class    |  IoU  |  Acc  |
+-------------+-------+-------+
|  aeroplane  | 89.97 | 96.39 |
|   bicycle   | 62.71 | 96.87 |
|     bird    | 94.52 | 97.47 |
|     boat    | 80.32 | 96.25 |
|    bottle   | 86.13 | 91.83 |
|     bus     | 95.02 | 98.71 |
|     car     | 87.25 | 97.73 |
|     cat     | 92.86 |  93.3 |
|    chair    |  48.4 | 57.64 |
|     cow     | 91.41 | 96.13 |
| diningtable |  64.4 | 89.92 |
|     dog     | 91.82 | 93.74 |
|    horse    | 89.31 | 99.11 |
|  motorbike  | 76.26 | 94.17 |
|    person   | 67.85 | 70.26 |
| pottedplant | 86.07 | 92.45 |
|    sheep    | 84.38 | 95.44 |
|     sofa    | 59.54 | 97.12 |
|    train    | 95.43 | 99.11 |
|  tvmonitor  | 60.41 | 61.14 |
+-------------+-------+-------+
2025/04/21 15:06:19 - mmengine - INFO - Iter(test) [1449/1449]    aAcc: 88.4600  mIoU: 80.2000  mAcc: 90.7400  data_time: 0.0016  time: 0.4154
