2025/04/21 15:14:42 - mmengine - INFO - 
------------------------------------------------------------
System environment:
    sys.platform: linux
    Python: 3.10.13 (main, Sep 11 2023, 13:44:35) [GCC 11.2.0]
    CUDA available: True
    numpy_random_seed: 568432968
    CUDA_HOME: None
    GCC: gcc (GCC) 8.5.0 20210514 (Red Hat 8.5.0-24)
    PyTorch: 1.13.1+cu117
    PyTorch compiling details: PyTorch built with:
  - GCC 9.3
  - C++ Version: 201402
  - Intel(R) Math Kernel Library Version 2020.0.0 Product Build 20191122 for Intel(R) 64 architecture applications
  - Intel(R) MKL-DNN v2.6.0 (Git Hash 52b5f107dd9cf10910aaa19cb47f3abf9b349815)
  - OpenMP 201511 (a.k.a. OpenMP 4.5)
  - LAPACK is enabled (usually provided by MKL)
  - NNPACK is enabled
  - CPU capability usage: AVX2
  - CUDA Runtime 11.7
  - NVCC architecture flags: -gencode;arch=compute_37,code=sm_37;-gencode;arch=compute_50,code=sm_50;-gencode;arch=compute_60,code=sm_60;-gencode;arch=compute_70,code=sm_70;-gencode;arch=compute_75,code=sm_75;-gencode;arch=compute_80,code=sm_80;-gencode;arch=compute_86,code=sm_86
  - CuDNN 8.5
  - Magma 2.6.1
  - Build settings: BLAS_INFO=mkl, BUILD_TYPE=Release, CUDA_VERSION=11.7, CUDNN_VERSION=8.5.0, CXX_COMPILER=/opt/rh/devtoolset-9/root/usr/bin/c++, CXX_FLAGS= -fabi-version=11 -Wno-deprecated -fvisibility-inlines-hidden -DUSE_PTHREADPOOL -fopenmp -DNDEBUG -DUSE_KINETO -DUSE_FBGEMM -DUSE_QNNPACK -DUSE_PYTORCH_QNNPACK -DUSE_XNNPACK -DSYMBOLICATE_MOBILE_DEBUG_HANDLE -DEDGE_PROFILER_USE_KINETO -O2 -fPIC -Wno-narrowing -Wall -Wextra -Werror=return-type -Werror=non-virtual-dtor -Wno-missing-field-initializers -Wno-type-limits -Wno-array-bounds -Wno-unknown-pragmas -Wunused-local-typedefs -Wno-unused-parameter -Wno-unused-function -Wno-unused-result -Wno-strict-overflow -Wno-strict-aliasing -Wno-error=deprecated-declarations -Wno-stringop-overflow -Wno-psabi -Wno-error=pedantic -Wno-error=redundant-decls -Wno-error=old-style-cast -fdiagnostics-color=always -faligned-new -Wno-unused-but-set-variable -Wno-maybe-uninitialized -fno-math-errno -fno-trapping-math -Werror=format -Werror=cast-function-type -Wno-stringop-overflow, LAPACK_INFO=mkl, PERF_WITH_AVX=1, PERF_WITH_AVX2=1, PERF_WITH_AVX512=1, TORCH_VERSION=1.13.1, USE_CUDA=ON, USE_CUDNN=ON, USE_EXCEPTION_PTR=1, USE_GFLAGS=OFF, USE_GLOG=OFF, USE_MKL=ON, USE_MKLDNN=ON, USE_MPI=OFF, USE_NCCL=ON, USE_NNPACK=ON, USE_OPENMP=ON, USE_ROCM=OFF, 

    TorchVision: 0.14.1+cu117
    OpenCV: 4.6.0
    MMEngine: 0.8.4

Runtime environment:
    cudnn_benchmark: True
    mp_cfg: {'mp_start_method': 'fork', 'opencv_num_threads': 0}
    dist_cfg: {'backend': 'nccl'}
    seed: 568432968
    Distributed launcher: none
    Distributed training: False
    GPU number: 1
------------------------------------------------------------

2025/04/21 15:14:42 - mmengine - INFO - Config:
data_root = '/home/qta2szh/datasets/VOC/VOCdevkit/VOC2012'
dataset_type = 'PascalVOC20Dataset'
default_hooks = dict(
    checkpoint=dict(by_epoch=False, interval=2000, type='CheckpointHook'),
    logger=dict(interval=50, log_metric_by_epoch=False, type='LoggerHook'),
    param_scheduler=dict(type='ParamSchedulerHook'),
    sampler_seed=dict(type='DistSamplerSeedHook'),
    timer=dict(type='IterTimerHook'),
    visualization=dict(interval=2, type='SegVisualizationHook'))
default_scope = 'mmseg'
env_cfg = dict(
    cudnn_benchmark=True,
    dist_cfg=dict(backend='nccl'),
    mp_cfg=dict(mp_start_method='fork', opencv_num_threads=0))
launcher = 'none'
load_from = None
log_level = 'INFO'
log_processor = dict(by_epoch=False)
model = dict(
    clip_type='CLIP',
    ignore_residual=True,
    model_type='ClearCLIP',
    name_path='./configs/cls_voc20.txt',
    type='ClearCLIPSegmentation',
    vit_type='ViT-L-14')
resume = False
test_cfg = dict(type='TestLoop')
test_dataloader = dict(
    batch_size=1,
    dataset=dict(
        ann_file='ImageSets/Segmentation/val.txt',
        data_prefix=dict(
            img_path='JPEGImages', seg_map_path='SegmentationClass'),
        data_root='/home/qta2szh/datasets/VOC/VOCdevkit/VOC2012',
        pipeline=[
            dict(type='LoadImageFromFile'),
            dict(keep_ratio=True, scale=(
                2048,
                448,
            ), type='Resize'),
            dict(type='LoadAnnotations'),
            dict(type='PackSegInputs'),
        ],
        type='PascalVOC20Dataset'),
    num_workers=4,
    persistent_workers=True,
    sampler=dict(shuffle=False, type='DefaultSampler'))
test_evaluator = dict(
    iou_metrics=[
        'mIoU',
    ], type='IoUMetric')
test_pipeline = [
    dict(type='LoadImageFromFile'),
    dict(keep_ratio=True, scale=(
        2048,
        448,
    ), type='Resize'),
    dict(type='LoadAnnotations'),
    dict(type='PackSegInputs'),
]
vis_backends = [
    dict(type='LocalVisBackend'),
]
visualizer = dict(
    alpha=1.0,
    name='visualizer',
    type='SegLocalVisualizer',
    vis_backends=[
        dict(type='LocalVisBackend'),
    ])
work_dir = '/home/qta2szh/CLIP/ClearCLIP/work_logs'

2025/04/21 15:14:50 - mmengine - INFO - Distributed training is not used, all SyncBatchNorm (SyncBN) layers in the model will be automatically reverted to BatchNormXd layers if they are used.
2025/04/21 15:14:50 - mmengine - INFO - Hooks will be executed in the following order:
before_run:
(VERY_HIGH   ) RuntimeInfoHook                    
(BELOW_NORMAL) LoggerHook                         
 -------------------- 
before_train:
(VERY_HIGH   ) RuntimeInfoHook                    
(NORMAL      ) IterTimerHook                      
(VERY_LOW    ) CheckpointHook                     
 -------------------- 
before_train_epoch:
(VERY_HIGH   ) RuntimeInfoHook                    
(NORMAL      ) IterTimerHook                      
(NORMAL      ) DistSamplerSeedHook                
 -------------------- 
before_train_iter:
(VERY_HIGH   ) RuntimeInfoHook                    
(NORMAL      ) IterTimerHook                      
 -------------------- 
after_train_iter:
(VERY_HIGH   ) RuntimeInfoHook                    
(NORMAL      ) IterTimerHook                      
(NORMAL      ) SegVisualizationHook               
(BELOW_NORMAL) LoggerHook                         
(LOW         ) ParamSchedulerHook                 
(VERY_LOW    ) CheckpointHook                     
 -------------------- 
after_train_epoch:
(NORMAL      ) IterTimerHook                      
(LOW         ) ParamSchedulerHook                 
(VERY_LOW    ) CheckpointHook                     
 -------------------- 
before_val:
(VERY_HIGH   ) RuntimeInfoHook                    
 -------------------- 
before_val_epoch:
(NORMAL      ) IterTimerHook                      
 -------------------- 
before_val_iter:
(NORMAL      ) IterTimerHook                      
 -------------------- 
after_val_iter:
(NORMAL      ) IterTimerHook                      
(NORMAL      ) SegVisualizationHook               
(BELOW_NORMAL) LoggerHook                         
 -------------------- 
after_val_epoch:
(VERY_HIGH   ) RuntimeInfoHook                    
(NORMAL      ) IterTimerHook                      
(BELOW_NORMAL) LoggerHook                         
(LOW         ) ParamSchedulerHook                 
(VERY_LOW    ) CheckpointHook                     
 -------------------- 
after_val:
(VERY_HIGH   ) RuntimeInfoHook                    
 -------------------- 
after_train:
(VERY_HIGH   ) RuntimeInfoHook                    
(VERY_LOW    ) CheckpointHook                     
 -------------------- 
before_test:
(VERY_HIGH   ) RuntimeInfoHook                    
 -------------------- 
before_test_epoch:
(NORMAL      ) IterTimerHook                      
 -------------------- 
before_test_iter:
(NORMAL      ) IterTimerHook                      
 -------------------- 
after_test_iter:
(NORMAL      ) IterTimerHook                      
(NORMAL      ) SegVisualizationHook               
(BELOW_NORMAL) LoggerHook                         
 -------------------- 
after_test_epoch:
(VERY_HIGH   ) RuntimeInfoHook                    
(NORMAL      ) IterTimerHook                      
(BELOW_NORMAL) LoggerHook                         
 -------------------- 
after_test:
(VERY_HIGH   ) RuntimeInfoHook                    
 -------------------- 
after_run:
(BELOW_NORMAL) LoggerHook                         
 -------------------- 
2025/04/21 15:14:50 - mmengine - WARNING - The prefix is not set in metric class IoUMetric.
2025/04/21 15:15:02 - mmengine - INFO - Iter(test) [  50/1449]    eta: 0:05:37  time: 0.2374  data_time: 0.0011  memory: 1045  
2025/04/21 15:15:13 - mmengine - INFO - Iter(test) [ 100/1449]    eta: 0:05:10  time: 0.2300  data_time: 0.0013  memory: 1007  
2025/04/21 15:15:25 - mmengine - INFO - Iter(test) [ 150/1449]    eta: 0:05:02  time: 0.2542  data_time: 0.0014  memory: 1020  
2025/04/21 15:15:37 - mmengine - INFO - Iter(test) [ 200/1449]    eta: 0:04:51  time: 0.2287  data_time: 0.0013  memory: 1009  
2025/04/21 15:15:48 - mmengine - INFO - Iter(test) [ 250/1449]    eta: 0:04:36  time: 0.2203  data_time: 0.0013  memory: 1009  
2025/04/21 15:16:00 - mmengine - INFO - Iter(test) [ 300/1449]    eta: 0:04:26  time: 0.2597  data_time: 0.0012  memory: 1009  
2025/04/21 15:16:11 - mmengine - INFO - Iter(test) [ 350/1449]    eta: 0:04:12  time: 0.2084  data_time: 0.0012  memory: 1007  
2025/04/21 15:16:23 - mmengine - INFO - Iter(test) [ 400/1449]    eta: 0:04:02  time: 0.2486  data_time: 0.0012  memory: 1009  
2025/04/21 15:16:34 - mmengine - INFO - Iter(test) [ 450/1449]    eta: 0:03:49  time: 0.2288  data_time: 0.0012  memory: 1009  
2025/04/21 15:16:45 - mmengine - INFO - Iter(test) [ 500/1449]    eta: 0:03:38  time: 0.2485  data_time: 0.0012  memory: 1027  
2025/04/21 15:16:56 - mmengine - INFO - Iter(test) [ 550/1449]    eta: 0:03:26  time: 0.2186  data_time: 0.0013  memory: 1010  
2025/04/21 15:17:08 - mmengine - INFO - Iter(test) [ 600/1449]    eta: 0:03:14  time: 0.2184  data_time: 0.0013  memory: 1009  
2025/04/21 15:17:19 - mmengine - INFO - Iter(test) [ 650/1449]    eta: 0:03:02  time: 0.2481  data_time: 0.0013  memory: 1007  
2025/04/21 15:17:31 - mmengine - INFO - Iter(test) [ 700/1449]    eta: 0:02:51  time: 0.2372  data_time: 0.0013  memory: 1010  
2025/04/21 15:17:42 - mmengine - INFO - Iter(test) [ 750/1449]    eta: 0:02:39  time: 0.2084  data_time: 0.0013  memory: 1009  
2025/04/21 15:17:54 - mmengine - INFO - Iter(test) [ 800/1449]    eta: 0:02:29  time: 0.2855  data_time: 0.0013  memory: 1014  
2025/04/21 15:18:05 - mmengine - INFO - Iter(test) [ 850/1449]    eta: 0:02:17  time: 0.2075  data_time: 0.0013  memory: 1009  
2025/04/21 15:18:16 - mmengine - INFO - Iter(test) [ 900/1449]    eta: 0:02:05  time: 0.2283  data_time: 0.0013  memory: 1007  
2025/04/21 15:18:27 - mmengine - INFO - Iter(test) [ 950/1449]    eta: 0:01:53  time: 0.2268  data_time: 0.0013  memory: 1007  
2025/04/21 15:18:38 - mmengine - INFO - Iter(test) [1000/1449]    eta: 0:01:42  time: 0.2273  data_time: 0.0013  memory: 1010  
2025/04/21 15:18:49 - mmengine - INFO - Iter(test) [1050/1449]    eta: 0:01:30  time: 0.2126  data_time: 0.0012  memory: 1008  
2025/04/21 15:19:00 - mmengine - INFO - Iter(test) [1100/1449]    eta: 0:01:19  time: 0.2741  data_time: 0.0012  memory: 1018  
2025/04/21 15:19:11 - mmengine - INFO - Iter(test) [1150/1449]    eta: 0:01:07  time: 0.2274  data_time: 0.0013  memory: 1008  
2025/04/21 15:19:22 - mmengine - INFO - Iter(test) [1200/1449]    eta: 0:00:56  time: 0.2436  data_time: 0.0013  memory: 1009  
2025/04/21 15:19:33 - mmengine - INFO - Iter(test) [1250/1449]    eta: 0:00:45  time: 0.2189  data_time: 0.0015  memory: 1015  
2025/04/21 15:19:45 - mmengine - INFO - Iter(test) [1300/1449]    eta: 0:00:33  time: 0.2091  data_time: 0.0012  memory: 1009  
2025/04/21 15:19:56 - mmengine - INFO - Iter(test) [1350/1449]    eta: 0:00:22  time: 0.2476  data_time: 0.0013  memory: 1009  
2025/04/21 15:20:07 - mmengine - INFO - Iter(test) [1400/1449]    eta: 0:00:11  time: 0.2095  data_time: 0.0013  memory: 1007  
2025/04/21 15:20:17 - mmengine - INFO - per class results:
2025/04/21 15:20:17 - mmengine - INFO - 
+-------------+-------+-------+
|    Class    |  IoU  |  Acc  |
+-------------+-------+-------+
|  aeroplane  | 88.12 | 96.01 |
|   bicycle   | 62.87 | 96.67 |
|     bird    | 94.38 | 97.46 |
|     boat    | 78.57 |  96.4 |
|    bottle   | 87.21 | 94.67 |
|     bus     | 95.32 | 99.26 |
|     car     |  87.2 | 97.73 |
|     cat     | 94.02 | 94.72 |
|    chair    | 48.22 | 58.68 |
|     cow     | 93.05 | 97.68 |
| diningtable | 63.95 | 90.12 |
|     dog     | 90.95 |  92.8 |
|    horse    | 89.45 | 99.69 |
|  motorbike  | 76.29 | 95.04 |
|    person   | 64.54 |  65.8 |
| pottedplant | 86.01 | 93.14 |
|    sheep    | 86.86 | 98.07 |
|     sofa    | 57.34 | 97.57 |
|    train    | 95.18 | 99.17 |
|  tvmonitor  | 60.32 | 60.39 |
+-------------+-------+-------+
2025/04/21 15:20:17 - mmengine - INFO - Iter(test) [1449/1449]    aAcc: 88.0100  mIoU: 79.9900  mAcc: 91.0500  data_time: 0.0014  time: 0.2257
