2025/04/21 14:44:28 - mmengine - INFO - 
------------------------------------------------------------
System environment:
    sys.platform: linux
    Python: 3.10.13 (main, Sep 11 2023, 13:44:35) [GCC 11.2.0]
    CUDA available: True
    numpy_random_seed: 923460874
    CUDA_HOME: None
    GCC: gcc (GCC) 8.5.0 20210514 (Red Hat 8.5.0-24)
    PyTorch: 1.13.1+cu117
    PyTorch compiling details: PyTorch built with:
  - GCC 9.3
  - C++ Version: 201402
  - Intel(R) Math Kernel Library Version 2020.0.0 Product Build 20191122 for Intel(R) 64 architecture applications
  - Intel(R) MKL-DNN v2.6.0 (Git Hash 52b5f107dd9cf10910aaa19cb47f3abf9b349815)
  - OpenMP 201511 (a.k.a. OpenMP 4.5)
  - LAPACK is enabled (usually provided by MKL)
  - NNPACK is enabled
  - CPU capability usage: AVX2
  - CUDA Runtime 11.7
  - NVCC architecture flags: -gencode;arch=compute_37,code=sm_37;-gencode;arch=compute_50,code=sm_50;-gencode;arch=compute_60,code=sm_60;-gencode;arch=compute_70,code=sm_70;-gencode;arch=compute_75,code=sm_75;-gencode;arch=compute_80,code=sm_80;-gencode;arch=compute_86,code=sm_86
  - CuDNN 8.5
  - Magma 2.6.1
  - Build settings: BLAS_INFO=mkl, BUILD_TYPE=Release, CUDA_VERSION=11.7, CUDNN_VERSION=8.5.0, CXX_COMPILER=/opt/rh/devtoolset-9/root/usr/bin/c++, CXX_FLAGS= -fabi-version=11 -Wno-deprecated -fvisibility-inlines-hidden -DUSE_PTHREADPOOL -fopenmp -DNDEBUG -DUSE_KINETO -DUSE_FBGEMM -DUSE_QNNPACK -DUSE_PYTORCH_QNNPACK -DUSE_XNNPACK -DSYMBOLICATE_MOBILE_DEBUG_HANDLE -DEDGE_PROFILER_USE_KINETO -O2 -fPIC -Wno-narrowing -Wall -Wextra -Werror=return-type -Werror=non-virtual-dtor -Wno-missing-field-initializers -Wno-type-limits -Wno-array-bounds -Wno-unknown-pragmas -Wunused-local-typedefs -Wno-unused-parameter -Wno-unused-function -Wno-unused-result -Wno-strict-overflow -Wno-strict-aliasing -Wno-error=deprecated-declarations -Wno-stringop-overflow -Wno-psabi -Wno-error=pedantic -Wno-error=redundant-decls -Wno-error=old-style-cast -fdiagnostics-color=always -faligned-new -Wno-unused-but-set-variable -Wno-maybe-uninitialized -fno-math-errno -fno-trapping-math -Werror=format -Werror=cast-function-type -Wno-stringop-overflow, LAPACK_INFO=mkl, PERF_WITH_AVX=1, PERF_WITH_AVX2=1, PERF_WITH_AVX512=1, TORCH_VERSION=1.13.1, USE_CUDA=ON, USE_CUDNN=ON, USE_EXCEPTION_PTR=1, USE_GFLAGS=OFF, USE_GLOG=OFF, USE_MKL=ON, USE_MKLDNN=ON, USE_MPI=OFF, USE_NCCL=ON, USE_NNPACK=ON, USE_OPENMP=ON, USE_ROCM=OFF, 

    TorchVision: 0.14.1+cu117
    OpenCV: 4.6.0
    MMEngine: 0.8.4

Runtime environment:
    cudnn_benchmark: True
    mp_cfg: {'mp_start_method': 'fork', 'opencv_num_threads': 0}
    dist_cfg: {'backend': 'nccl'}
    seed: 923460874
    Distributed launcher: none
    Distributed training: False
    GPU number: 1
------------------------------------------------------------

2025/04/21 14:44:29 - mmengine - INFO - Config:
data_root = '/home/qta2szh/datasets/VOC/VOCdevkit/VOC2012'
dataset_type = 'PascalVOC20Dataset'
default_hooks = dict(
    checkpoint=dict(by_epoch=False, interval=2000, type='CheckpointHook'),
    logger=dict(interval=50, log_metric_by_epoch=False, type='LoggerHook'),
    param_scheduler=dict(type='ParamSchedulerHook'),
    sampler_seed=dict(type='DistSamplerSeedHook'),
    timer=dict(type='IterTimerHook'),
    visualization=dict(interval=2, type='SegVisualizationHook'))
default_scope = 'mmseg'
env_cfg = dict(
    cudnn_benchmark=True,
    dist_cfg=dict(backend='nccl'),
    mp_cfg=dict(mp_start_method='fork', opencv_num_threads=0))
launcher = 'none'
load_from = None
log_level = 'INFO'
log_processor = dict(by_epoch=False)
model = dict(
    clip_type='CLIP',
    ignore_residual=True,
    model_type='SCLIP',
    name_path='./configs/cls_voc20.txt',
    type='ClearCLIPSegmentation',
    vit_type='ViT-B/16')
resume = False
test_cfg = dict(type='TestLoop')
test_dataloader = dict(
    batch_size=1,
    dataset=dict(
        ann_file='ImageSets/Segmentation/val.txt',
        data_prefix=dict(
            img_path='JPEGImages', seg_map_path='SegmentationClass'),
        data_root='/home/qta2szh/datasets/VOC/VOCdevkit/VOC2012',
        pipeline=[
            dict(type='LoadImageFromFile'),
            dict(keep_ratio=True, scale=(
                2048,
                448,
            ), type='Resize'),
            dict(type='LoadAnnotations'),
            dict(type='PackSegInputs'),
        ],
        type='PascalVOC20Dataset'),
    num_workers=4,
    persistent_workers=True,
    sampler=dict(shuffle=False, type='DefaultSampler'))
test_evaluator = dict(
    iou_metrics=[
        'mIoU',
    ], type='IoUMetric')
test_pipeline = [
    dict(type='LoadImageFromFile'),
    dict(keep_ratio=True, scale=(
        2048,
        448,
    ), type='Resize'),
    dict(type='LoadAnnotations'),
    dict(type='PackSegInputs'),
]
vis_backends = [
    dict(type='LocalVisBackend'),
]
visualizer = dict(
    alpha=1.0,
    name='visualizer',
    type='SegLocalVisualizer',
    vis_backends=[
        dict(type='LocalVisBackend'),
    ])
work_dir = '/home/qta2szh/CLIP/ClearCLIP/work_logs'

2025/04/21 14:44:35 - mmengine - INFO - Distributed training is not used, all SyncBatchNorm (SyncBN) layers in the model will be automatically reverted to BatchNormXd layers if they are used.
2025/04/21 14:44:35 - mmengine - INFO - Hooks will be executed in the following order:
before_run:
(VERY_HIGH   ) RuntimeInfoHook                    
(BELOW_NORMAL) LoggerHook                         
 -------------------- 
before_train:
(VERY_HIGH   ) RuntimeInfoHook                    
(NORMAL      ) IterTimerHook                      
(VERY_LOW    ) CheckpointHook                     
 -------------------- 
before_train_epoch:
(VERY_HIGH   ) RuntimeInfoHook                    
(NORMAL      ) IterTimerHook                      
(NORMAL      ) DistSamplerSeedHook                
 -------------------- 
before_train_iter:
(VERY_HIGH   ) RuntimeInfoHook                    
(NORMAL      ) IterTimerHook                      
 -------------------- 
after_train_iter:
(VERY_HIGH   ) RuntimeInfoHook                    
(NORMAL      ) IterTimerHook                      
(NORMAL      ) SegVisualizationHook               
(BELOW_NORMAL) LoggerHook                         
(LOW         ) ParamSchedulerHook                 
(VERY_LOW    ) CheckpointHook                     
 -------------------- 
after_train_epoch:
(NORMAL      ) IterTimerHook                      
(LOW         ) ParamSchedulerHook                 
(VERY_LOW    ) CheckpointHook                     
 -------------------- 
before_val:
(VERY_HIGH   ) RuntimeInfoHook                    
 -------------------- 
before_val_epoch:
(NORMAL      ) IterTimerHook                      
 -------------------- 
before_val_iter:
(NORMAL      ) IterTimerHook                      
 -------------------- 
after_val_iter:
(NORMAL      ) IterTimerHook                      
(NORMAL      ) SegVisualizationHook               
(BELOW_NORMAL) LoggerHook                         
 -------------------- 
after_val_epoch:
(VERY_HIGH   ) RuntimeInfoHook                    
(NORMAL      ) IterTimerHook                      
(BELOW_NORMAL) LoggerHook                         
(LOW         ) ParamSchedulerHook                 
(VERY_LOW    ) CheckpointHook                     
 -------------------- 
after_val:
(VERY_HIGH   ) RuntimeInfoHook                    
 -------------------- 
after_train:
(VERY_HIGH   ) RuntimeInfoHook                    
(VERY_LOW    ) CheckpointHook                     
 -------------------- 
before_test:
(VERY_HIGH   ) RuntimeInfoHook                    
 -------------------- 
before_test_epoch:
(NORMAL      ) IterTimerHook                      
 -------------------- 
before_test_iter:
(NORMAL      ) IterTimerHook                      
 -------------------- 
after_test_iter:
(NORMAL      ) IterTimerHook                      
(NORMAL      ) SegVisualizationHook               
(BELOW_NORMAL) LoggerHook                         
 -------------------- 
after_test_epoch:
(VERY_HIGH   ) RuntimeInfoHook                    
(NORMAL      ) IterTimerHook                      
(BELOW_NORMAL) LoggerHook                         
 -------------------- 
after_test:
(VERY_HIGH   ) RuntimeInfoHook                    
 -------------------- 
after_run:
(BELOW_NORMAL) LoggerHook                         
 -------------------- 
2025/04/21 14:44:35 - mmengine - WARNING - The prefix is not set in metric class IoUMetric.
2025/04/21 14:44:39 - mmengine - INFO - Iter(test) [  50/1449]    eta: 0:01:53  time: 0.0686  data_time: 0.0013  memory: 452  
2025/04/21 14:44:42 - mmengine - INFO - Iter(test) [ 100/1449]    eta: 0:01:37  time: 0.0665  data_time: 0.0013  memory: 445  
2025/04/21 14:44:46 - mmengine - INFO - Iter(test) [ 150/1449]    eta: 0:01:33  time: 0.0728  data_time: 0.0014  memory: 461  
2025/04/21 14:44:49 - mmengine - INFO - Iter(test) [ 200/1449]    eta: 0:01:27  time: 0.0667  data_time: 0.0014  memory: 450  
2025/04/21 14:44:52 - mmengine - INFO - Iter(test) [ 250/1449]    eta: 0:01:22  time: 0.0637  data_time: 0.0013  memory: 450  
2025/04/21 14:44:56 - mmengine - INFO - Iter(test) [ 300/1449]    eta: 0:01:18  time: 0.0644  data_time: 0.0014  memory: 448  
2025/04/21 14:44:59 - mmengine - INFO - Iter(test) [ 350/1449]    eta: 0:01:14  time: 0.0601  data_time: 0.0013  memory: 446  
2025/04/21 14:45:02 - mmengine - INFO - Iter(test) [ 400/1449]    eta: 0:01:11  time: 0.0714  data_time: 0.0011  memory: 450  
2025/04/21 14:45:06 - mmengine - INFO - Iter(test) [ 450/1449]    eta: 0:01:07  time: 0.0653  data_time: 0.0011  memory: 448  
2025/04/21 14:45:09 - mmengine - INFO - Iter(test) [ 500/1449]    eta: 0:01:04  time: 0.0716  data_time: 0.0013  memory: 466  
2025/04/21 14:45:12 - mmengine - INFO - Iter(test) [ 550/1449]    eta: 0:01:00  time: 0.0630  data_time: 0.0014  memory: 451  
2025/04/21 14:45:16 - mmengine - INFO - Iter(test) [ 600/1449]    eta: 0:00:57  time: 0.0652  data_time: 0.0014  memory: 449  
2025/04/21 14:45:19 - mmengine - INFO - Iter(test) [ 650/1449]    eta: 0:00:53  time: 0.0704  data_time: 0.0013  memory: 445  
2025/04/21 14:45:22 - mmengine - INFO - Iter(test) [ 700/1449]    eta: 0:00:50  time: 0.0652  data_time: 0.0013  memory: 449  
2025/04/21 14:45:25 - mmengine - INFO - Iter(test) [ 750/1449]    eta: 0:00:46  time: 0.0601  data_time: 0.0013  memory: 448  
2025/04/21 14:45:29 - mmengine - INFO - Iter(test) [ 800/1449]    eta: 0:00:43  time: 0.0814  data_time: 0.0014  memory: 455  
2025/04/21 14:45:33 - mmengine - INFO - Iter(test) [ 850/1449]    eta: 0:00:40  time: 0.0693  data_time: 0.0012  memory: 448  
2025/04/21 14:45:36 - mmengine - INFO - Iter(test) [ 900/1449]    eta: 0:00:36  time: 0.0651  data_time: 0.0011  memory: 445  
2025/04/21 14:45:39 - mmengine - INFO - Iter(test) [ 950/1449]    eta: 0:00:33  time: 0.0654  data_time: 0.0013  memory: 445  
2025/04/21 14:45:42 - mmengine - INFO - Iter(test) [1000/1449]    eta: 0:00:30  time: 0.0653  data_time: 0.0014  memory: 451  
2025/04/21 14:45:45 - mmengine - INFO - Iter(test) [1050/1449]    eta: 0:00:26  time: 0.0600  data_time: 0.0013  memory: 446  
2025/04/21 14:45:49 - mmengine - INFO - Iter(test) [1100/1449]    eta: 0:00:23  time: 0.0716  data_time: 0.0014  memory: 457  
2025/04/21 14:45:52 - mmengine - INFO - Iter(test) [1150/1449]    eta: 0:00:19  time: 0.0649  data_time: 0.0013  memory: 448  
2025/04/21 14:45:55 - mmengine - INFO - Iter(test) [1200/1449]    eta: 0:00:16  time: 0.0717  data_time: 0.0014  memory: 450  
2025/04/21 14:45:58 - mmengine - INFO - Iter(test) [1250/1449]    eta: 0:00:13  time: 0.0628  data_time: 0.0013  memory: 455  
2025/04/21 14:46:03 - mmengine - INFO - Iter(test) [1300/1449]    eta: 0:00:10  time: 0.0605  data_time: 0.0012  memory: 450  
2025/04/21 14:46:06 - mmengine - INFO - Iter(test) [1350/1449]    eta: 0:00:06  time: 0.0703  data_time: 0.0011  memory: 448  
2025/04/21 14:46:09 - mmengine - INFO - Iter(test) [1400/1449]    eta: 0:00:03  time: 0.0595  data_time: 0.0012  memory: 445  
2025/04/21 14:46:12 - mmengine - INFO - per class results:
2025/04/21 14:46:12 - mmengine - INFO - 
+-------------+-------+-------+
|    Class    |  IoU  |  Acc  |
+-------------+-------+-------+
|  aeroplane  | 95.02 | 97.19 |
|   bicycle   | 64.61 | 97.72 |
|     bird    | 90.46 | 96.79 |
|     boat    | 83.28 | 89.99 |
|    bottle   |  82.3 |  92.4 |
|     bus     | 92.68 | 94.47 |
|     car     | 89.79 | 98.54 |
|     cat     | 92.13 | 95.32 |
|    chair    | 35.91 | 52.88 |
|     cow     | 85.95 | 93.35 |
| diningtable | 44.79 | 93.41 |
|     dog     | 88.53 |  90.7 |
|    horse    | 88.75 |  95.4 |
|  motorbike  | 78.86 | 88.94 |
|    person   | 62.76 | 63.78 |
| pottedplant | 79.74 | 94.07 |
|    sheep    | 75.81 | 98.04 |
|     sofa    | 67.35 | 94.63 |
|    train    | 95.28 | 95.94 |
|  tvmonitor  | 63.68 | 63.85 |
+-------------+-------+-------+
2025/04/21 14:46:12 - mmengine - INFO - Iter(test) [1449/1449]    aAcc: 86.1600  mIoU: 77.8800  mAcc: 89.3700  data_time: 0.0015  time: 0.0669
