2025/04/20 11:13:59 - mmengine - INFO - 
------------------------------------------------------------
System environment:
    sys.platform: linux
    Python: 3.10.13 (main, Sep 11 2023, 13:44:35) [GCC 11.2.0]
    CUDA available: True
    numpy_random_seed: 1344416346
    CUDA_HOME: /fs/applications/cuda/11.6
    NVCC: Cuda compilation tools, release 11.6, V11.6.124
    GCC: gcc (GCC) 8.5.0 20210514 (Red Hat 8.5.0-24)
    PyTorch: 1.13.1+cu117
    PyTorch compiling details: PyTorch built with:
  - GCC 9.3
  - C++ Version: 201402
  - Intel(R) Math Kernel Library Version 2020.0.0 Product Build 20191122 for Intel(R) 64 architecture applications
  - Intel(R) MKL-DNN v2.6.0 (Git Hash 52b5f107dd9cf10910aaa19cb47f3abf9b349815)
  - OpenMP 201511 (a.k.a. OpenMP 4.5)
  - LAPACK is enabled (usually provided by MKL)
  - NNPACK is enabled
  - CPU capability usage: AVX2
  - CUDA Runtime 11.7
  - NVCC architecture flags: -gencode;arch=compute_37,code=sm_37;-gencode;arch=compute_50,code=sm_50;-gencode;arch=compute_60,code=sm_60;-gencode;arch=compute_70,code=sm_70;-gencode;arch=compute_75,code=sm_75;-gencode;arch=compute_80,code=sm_80;-gencode;arch=compute_86,code=sm_86
  - CuDNN 8.5
  - Magma 2.6.1
  - Build settings: BLAS_INFO=mkl, BUILD_TYPE=Release, CUDA_VERSION=11.7, CUDNN_VERSION=8.5.0, CXX_COMPILER=/opt/rh/devtoolset-9/root/usr/bin/c++, CXX_FLAGS= -fabi-version=11 -Wno-deprecated -fvisibility-inlines-hidden -DUSE_PTHREADPOOL -fopenmp -DNDEBUG -DUSE_KINETO -DUSE_FBGEMM -DUSE_QNNPACK -DUSE_PYTORCH_QNNPACK -DUSE_XNNPACK -DSYMBOLICATE_MOBILE_DEBUG_HANDLE -DEDGE_PROFILER_USE_KINETO -O2 -fPIC -Wno-narrowing -Wall -Wextra -Werror=return-type -Werror=non-virtual-dtor -Wno-missing-field-initializers -Wno-type-limits -Wno-array-bounds -Wno-unknown-pragmas -Wunused-local-typedefs -Wno-unused-parameter -Wno-unused-function -Wno-unused-result -Wno-strict-overflow -Wno-strict-aliasing -Wno-error=deprecated-declarations -Wno-stringop-overflow -Wno-psabi -Wno-error=pedantic -Wno-error=redundant-decls -Wno-error=old-style-cast -fdiagnostics-color=always -faligned-new -Wno-unused-but-set-variable -Wno-maybe-uninitialized -fno-math-errno -fno-trapping-math -Werror=format -Werror=cast-function-type -Wno-stringop-overflow, LAPACK_INFO=mkl, PERF_WITH_AVX=1, PERF_WITH_AVX2=1, PERF_WITH_AVX512=1, TORCH_VERSION=1.13.1, USE_CUDA=ON, USE_CUDNN=ON, USE_EXCEPTION_PTR=1, USE_GFLAGS=OFF, USE_GLOG=OFF, USE_MKL=ON, USE_MKLDNN=ON, USE_MPI=OFF, USE_NCCL=ON, USE_NNPACK=ON, USE_OPENMP=ON, USE_ROCM=OFF, 

    TorchVision: 0.14.1+cu117
    OpenCV: 4.6.0
    MMEngine: 0.8.4

Runtime environment:
    cudnn_benchmark: True
    mp_cfg: {'mp_start_method': 'fork', 'opencv_num_threads': 0}
    dist_cfg: {'backend': 'nccl'}
    seed: 1344416346
    Distributed launcher: none
    Distributed training: False
    GPU number: 1
------------------------------------------------------------

2025/04/20 11:13:59 - mmengine - INFO - Config:
data_root = '/home/qta2szh/datasets/VOC/VOCdevkit/VOC2012'
dataset_type = 'PascalVOC20Dataset'
default_hooks = dict(
    checkpoint=dict(by_epoch=False, interval=2000, type='CheckpointHook'),
    logger=dict(interval=50, log_metric_by_epoch=False, type='LoggerHook'),
    param_scheduler=dict(type='ParamSchedulerHook'),
    sampler_seed=dict(type='DistSamplerSeedHook'),
    timer=dict(type='IterTimerHook'),
    visualization=dict(interval=2, type='SegVisualizationHook'))
default_scope = 'mmseg'
env_cfg = dict(
    cudnn_benchmark=True,
    dist_cfg=dict(backend='nccl'),
    mp_cfg=dict(mp_start_method='fork', opencv_num_threads=0))
launcher = 'none'
load_from = None
log_level = 'INFO'
log_processor = dict(by_epoch=False)
model = dict(
    clip_type='CLIP',
    ignore_residual=True,
    model_type='vanilla',
    name_path='./configs/cls_voc20.txt',
    type='ClearCLIPSegmentation',
    vit_type='ViT-B/16')
resume = False
test_cfg = dict(type='TestLoop')
test_dataloader = dict(
    batch_size=1,
    dataset=dict(
        ann_file='ImageSets/Segmentation/val.txt',
        data_prefix=dict(
            img_path='JPEGImages', seg_map_path='SegmentationClass'),
        data_root='/home/qta2szh/datasets/VOC/VOCdevkit/VOC2012',
        pipeline=[
            dict(type='LoadImageFromFile'),
            dict(keep_ratio=True, scale=(
                2048,
                448,
            ), type='Resize'),
            dict(type='LoadAnnotations'),
            dict(type='PackSegInputs'),
        ],
        type='PascalVOC20Dataset'),
    num_workers=4,
    persistent_workers=True,
    sampler=dict(shuffle=False, type='DefaultSampler'))
test_evaluator = dict(
    iou_metrics=[
        'mIoU',
    ], type='IoUMetric')
test_pipeline = [
    dict(type='LoadImageFromFile'),
    dict(keep_ratio=True, scale=(
        2048,
        448,
    ), type='Resize'),
    dict(type='LoadAnnotations'),
    dict(type='PackSegInputs'),
]
vis_backends = [
    dict(type='LocalVisBackend'),
]
visualizer = dict(
    alpha=1.0,
    name='visualizer',
    type='SegLocalVisualizer',
    vis_backends=[
        dict(type='LocalVisBackend'),
    ])
work_dir = '/home/qta2szh/CLIP/ClearCLIP/work_logs'

2025/04/20 11:14:05 - mmengine - INFO - Distributed training is not used, all SyncBatchNorm (SyncBN) layers in the model will be automatically reverted to BatchNormXd layers if they are used.
2025/04/20 11:14:05 - mmengine - INFO - Hooks will be executed in the following order:
before_run:
(VERY_HIGH   ) RuntimeInfoHook                    
(BELOW_NORMAL) LoggerHook                         
 -------------------- 
before_train:
(VERY_HIGH   ) RuntimeInfoHook                    
(NORMAL      ) IterTimerHook                      
(VERY_LOW    ) CheckpointHook                     
 -------------------- 
before_train_epoch:
(VERY_HIGH   ) RuntimeInfoHook                    
(NORMAL      ) IterTimerHook                      
(NORMAL      ) DistSamplerSeedHook                
 -------------------- 
before_train_iter:
(VERY_HIGH   ) RuntimeInfoHook                    
(NORMAL      ) IterTimerHook                      
 -------------------- 
after_train_iter:
(VERY_HIGH   ) RuntimeInfoHook                    
(NORMAL      ) IterTimerHook                      
(NORMAL      ) SegVisualizationHook               
(BELOW_NORMAL) LoggerHook                         
(LOW         ) ParamSchedulerHook                 
(VERY_LOW    ) CheckpointHook                     
 -------------------- 
after_train_epoch:
(NORMAL      ) IterTimerHook                      
(LOW         ) ParamSchedulerHook                 
(VERY_LOW    ) CheckpointHook                     
 -------------------- 
before_val:
(VERY_HIGH   ) RuntimeInfoHook                    
 -------------------- 
before_val_epoch:
(NORMAL      ) IterTimerHook                      
 -------------------- 
before_val_iter:
(NORMAL      ) IterTimerHook                      
 -------------------- 
after_val_iter:
(NORMAL      ) IterTimerHook                      
(NORMAL      ) SegVisualizationHook               
(BELOW_NORMAL) LoggerHook                         
 -------------------- 
after_val_epoch:
(VERY_HIGH   ) RuntimeInfoHook                    
(NORMAL      ) IterTimerHook                      
(BELOW_NORMAL) LoggerHook                         
(LOW         ) ParamSchedulerHook                 
(VERY_LOW    ) CheckpointHook                     
 -------------------- 
after_val:
(VERY_HIGH   ) RuntimeInfoHook                    
 -------------------- 
after_train:
(VERY_HIGH   ) RuntimeInfoHook                    
(VERY_LOW    ) CheckpointHook                     
 -------------------- 
before_test:
(VERY_HIGH   ) RuntimeInfoHook                    
 -------------------- 
before_test_epoch:
(NORMAL      ) IterTimerHook                      
 -------------------- 
before_test_iter:
(NORMAL      ) IterTimerHook                      
 -------------------- 
after_test_iter:
(NORMAL      ) IterTimerHook                      
(NORMAL      ) SegVisualizationHook               
(BELOW_NORMAL) LoggerHook                         
 -------------------- 
after_test_epoch:
(VERY_HIGH   ) RuntimeInfoHook                    
(NORMAL      ) IterTimerHook                      
(BELOW_NORMAL) LoggerHook                         
 -------------------- 
after_test:
(VERY_HIGH   ) RuntimeInfoHook                    
 -------------------- 
after_run:
(BELOW_NORMAL) LoggerHook                         
 -------------------- 
2025/04/20 11:14:05 - mmengine - WARNING - The prefix is not set in metric class IoUMetric.
2025/04/20 11:14:10 - mmengine - INFO - Iter(test) [  50/1449]    eta: 0:01:57  time: 0.0667  data_time: 0.0012  memory: 438  
2025/04/20 11:14:13 - mmengine - INFO - Iter(test) [ 100/1449]    eta: 0:01:37  time: 0.0635  data_time: 0.0011  memory: 408  
2025/04/20 11:14:16 - mmengine - INFO - Iter(test) [ 150/1449]    eta: 0:01:32  time: 0.0694  data_time: 0.0012  memory: 423  
2025/04/20 11:14:19 - mmengine - INFO - Iter(test) [ 200/1449]    eta: 0:01:26  time: 0.0677  data_time: 0.0013  memory: 412  
2025/04/20 11:14:22 - mmengine - INFO - Iter(test) [ 250/1449]    eta: 0:01:21  time: 0.0614  data_time: 0.0012  memory: 412  
2025/04/20 11:14:26 - mmengine - INFO - Iter(test) [ 300/1449]    eta: 0:01:17  time: 0.0611  data_time: 0.0011  memory: 410  
2025/04/20 11:14:29 - mmengine - INFO - Iter(test) [ 350/1449]    eta: 0:01:13  time: 0.0594  data_time: 0.0012  memory: 409  
2025/04/20 11:14:32 - mmengine - INFO - Iter(test) [ 400/1449]    eta: 0:01:09  time: 0.0687  data_time: 0.0012  memory: 412  
2025/04/20 11:14:35 - mmengine - INFO - Iter(test) [ 450/1449]    eta: 0:01:05  time: 0.0641  data_time: 0.0012  memory: 410  
2025/04/20 11:14:38 - mmengine - INFO - Iter(test) [ 500/1449]    eta: 0:01:02  time: 0.0703  data_time: 0.0012  memory: 428  
2025/04/20 11:14:42 - mmengine - INFO - Iter(test) [ 550/1449]    eta: 0:00:59  time: 0.0669  data_time: 0.0013  memory: 413  
2025/04/20 11:14:45 - mmengine - INFO - Iter(test) [ 600/1449]    eta: 0:00:55  time: 0.0613  data_time: 0.0011  memory: 411  
2025/04/20 11:14:48 - mmengine - INFO - Iter(test) [ 650/1449]    eta: 0:00:52  time: 0.0695  data_time: 0.0012  memory: 408  
2025/04/20 11:14:51 - mmengine - INFO - Iter(test) [ 700/1449]    eta: 0:00:49  time: 0.0649  data_time: 0.0013  memory: 412  
2025/04/20 11:14:54 - mmengine - INFO - Iter(test) [ 750/1449]    eta: 0:00:45  time: 0.0583  data_time: 0.0011  memory: 410  
2025/04/20 11:14:58 - mmengine - INFO - Iter(test) [ 800/1449]    eta: 0:00:42  time: 0.0794  data_time: 0.0011  memory: 418  
2025/04/20 11:15:01 - mmengine - INFO - Iter(test) [ 850/1449]    eta: 0:00:39  time: 0.0601  data_time: 0.0012  memory: 410  
2025/04/20 11:15:04 - mmengine - INFO - Iter(test) [ 900/1449]    eta: 0:00:35  time: 0.0685  data_time: 0.0014  memory: 408  
2025/04/20 11:15:07 - mmengine - INFO - Iter(test) [ 950/1449]    eta: 0:00:32  time: 0.0652  data_time: 0.0012  memory: 408  
2025/04/20 11:15:11 - mmengine - INFO - Iter(test) [1000/1449]    eta: 0:00:29  time: 0.0656  data_time: 0.0013  memory: 413  
2025/04/20 11:15:14 - mmengine - INFO - Iter(test) [1050/1449]    eta: 0:00:25  time: 0.0593  data_time: 0.0013  memory: 409  
2025/04/20 11:15:17 - mmengine - INFO - Iter(test) [1100/1449]    eta: 0:00:22  time: 0.0684  data_time: 0.0012  memory: 419  
2025/04/20 11:15:20 - mmengine - INFO - Iter(test) [1150/1449]    eta: 0:00:19  time: 0.0657  data_time: 0.0013  memory: 410  
2025/04/20 11:15:23 - mmengine - INFO - Iter(test) [1200/1449]    eta: 0:00:16  time: 0.0682  data_time: 0.0014  memory: 412  
2025/04/20 11:15:26 - mmengine - INFO - Iter(test) [1250/1449]    eta: 0:00:12  time: 0.0701  data_time: 0.0014  memory: 418  
2025/04/20 11:15:30 - mmengine - INFO - Iter(test) [1300/1449]    eta: 0:00:09  time: 0.0579  data_time: 0.0012  memory: 412  
2025/04/20 11:15:33 - mmengine - INFO - Iter(test) [1350/1449]    eta: 0:00:06  time: 0.0681  data_time: 0.0011  memory: 410  
2025/04/20 11:15:36 - mmengine - INFO - Iter(test) [1400/1449]    eta: 0:00:03  time: 0.0601  data_time: 0.0012  memory: 408  
2025/04/20 11:15:39 - mmengine - INFO - per class results:
2025/04/20 11:15:39 - mmengine - INFO - 
+-------------+-------+-------+
|    Class    |  IoU  |  Acc  |
+-------------+-------+-------+
|  aeroplane  | 96.38 | 99.77 |
|   bicycle   | 54.39 | 97.62 |
|     bird    | 93.63 | 94.41 |
|     boat    | 85.71 |  93.6 |
|    bottle   | 85.95 | 91.14 |
|     bus     | 94.22 |  99.5 |
|     car     | 83.22 | 97.37 |
|     cat     | 90.45 | 98.77 |
|    chair    | 28.74 | 33.61 |
|     cow     | 88.73 | 95.18 |
| diningtable | 40.59 | 91.73 |
|     dog     | 85.67 | 95.75 |
|    horse    | 85.31 |  96.7 |
|  motorbike  | 75.16 | 92.39 |
|    person   | 48.89 |  49.8 |
| pottedplant |  72.7 | 86.97 |
|    sheep    | 81.78 | 97.97 |
|     sofa    | 62.23 | 89.47 |
|    train    | 97.15 | 99.75 |
|  tvmonitor  | 63.96 | 64.88 |
+-------------+-------+-------+
2025/04/20 11:15:39 - mmengine - INFO - Iter(test) [1449/1449]    aAcc: 83.7900  mIoU: 75.7400  mAcc: 88.3200  data_time: 0.0015  time: 0.0647
