2025/04/20 11:08:18 - mmengine - INFO - 
------------------------------------------------------------
System environment:
    sys.platform: linux
    Python: 3.10.13 (main, Sep 11 2023, 13:44:35) [GCC 11.2.0]
    CUDA available: True
    numpy_random_seed: 469827615
    CUDA_HOME: /fs/applications/cuda/11.6
    NVCC: Cuda compilation tools, release 11.6, V11.6.124
    GCC: gcc (GCC) 8.5.0 20210514 (Red Hat 8.5.0-24)
    PyTorch: 1.13.1+cu117
    PyTorch compiling details: PyTorch built with:
  - GCC 9.3
  - C++ Version: 201402
  - Intel(R) Math Kernel Library Version 2020.0.0 Product Build 20191122 for Intel(R) 64 architecture applications
  - Intel(R) MKL-DNN v2.6.0 (Git Hash 52b5f107dd9cf10910aaa19cb47f3abf9b349815)
  - OpenMP 201511 (a.k.a. OpenMP 4.5)
  - LAPACK is enabled (usually provided by MKL)
  - NNPACK is enabled
  - CPU capability usage: AVX2
  - CUDA Runtime 11.7
  - NVCC architecture flags: -gencode;arch=compute_37,code=sm_37;-gencode;arch=compute_50,code=sm_50;-gencode;arch=compute_60,code=sm_60;-gencode;arch=compute_70,code=sm_70;-gencode;arch=compute_75,code=sm_75;-gencode;arch=compute_80,code=sm_80;-gencode;arch=compute_86,code=sm_86
  - CuDNN 8.5
  - Magma 2.6.1
  - Build settings: BLAS_INFO=mkl, BUILD_TYPE=Release, CUDA_VERSION=11.7, CUDNN_VERSION=8.5.0, CXX_COMPILER=/opt/rh/devtoolset-9/root/usr/bin/c++, CXX_FLAGS= -fabi-version=11 -Wno-deprecated -fvisibility-inlines-hidden -DUSE_PTHREADPOOL -fopenmp -DNDEBUG -DUSE_KINETO -DUSE_FBGEMM -DUSE_QNNPACK -DUSE_PYTORCH_QNNPACK -DUSE_XNNPACK -DSYMBOLICATE_MOBILE_DEBUG_HANDLE -DEDGE_PROFILER_USE_KINETO -O2 -fPIC -Wno-narrowing -Wall -Wextra -Werror=return-type -Werror=non-virtual-dtor -Wno-missing-field-initializers -Wno-type-limits -Wno-array-bounds -Wno-unknown-pragmas -Wunused-local-typedefs -Wno-unused-parameter -Wno-unused-function -Wno-unused-result -Wno-strict-overflow -Wno-strict-aliasing -Wno-error=deprecated-declarations -Wno-stringop-overflow -Wno-psabi -Wno-error=pedantic -Wno-error=redundant-decls -Wno-error=old-style-cast -fdiagnostics-color=always -faligned-new -Wno-unused-but-set-variable -Wno-maybe-uninitialized -fno-math-errno -fno-trapping-math -Werror=format -Werror=cast-function-type -Wno-stringop-overflow, LAPACK_INFO=mkl, PERF_WITH_AVX=1, PERF_WITH_AVX2=1, PERF_WITH_AVX512=1, TORCH_VERSION=1.13.1, USE_CUDA=ON, USE_CUDNN=ON, USE_EXCEPTION_PTR=1, USE_GFLAGS=OFF, USE_GLOG=OFF, USE_MKL=ON, USE_MKLDNN=ON, USE_MPI=OFF, USE_NCCL=ON, USE_NNPACK=ON, USE_OPENMP=ON, USE_ROCM=OFF, 

    TorchVision: 0.14.1+cu117
    OpenCV: 4.6.0
    MMEngine: 0.8.4

Runtime environment:
    cudnn_benchmark: True
    mp_cfg: {'mp_start_method': 'fork', 'opencv_num_threads': 0}
    dist_cfg: {'backend': 'nccl'}
    seed: 469827615
    Distributed launcher: none
    Distributed training: False
    GPU number: 1
------------------------------------------------------------

2025/04/20 11:08:18 - mmengine - INFO - Config:
data_root = '/home/qta2szh/datasets/VOC/VOCdevkit/VOC2012'
dataset_type = 'PascalVOCDataset'
default_hooks = dict(
    checkpoint=dict(by_epoch=False, interval=2000, type='CheckpointHook'),
    logger=dict(interval=50, log_metric_by_epoch=False, type='LoggerHook'),
    param_scheduler=dict(type='ParamSchedulerHook'),
    sampler_seed=dict(type='DistSamplerSeedHook'),
    timer=dict(type='IterTimerHook'),
    visualization=dict(interval=2, type='SegVisualizationHook'))
default_scope = 'mmseg'
env_cfg = dict(
    cudnn_benchmark=True,
    dist_cfg=dict(backend='nccl'),
    mp_cfg=dict(mp_start_method='fork', opencv_num_threads=0))
launcher = 'none'
load_from = None
log_level = 'INFO'
log_processor = dict(by_epoch=False)
model = dict(
    clip_type='CLIP',
    ignore_residual=True,
    model_type='vanilla',
    name_path='./configs/cls_voc21.txt',
    prob_thd=0.5,
    type='ClearCLIPSegmentation',
    vit_type='ViT-B/16')
resume = False
test_cfg = dict(type='TestLoop')
test_dataloader = dict(
    batch_size=1,
    dataset=dict(
        ann_file='ImageSets/Segmentation/val.txt',
        data_prefix=dict(
            img_path='JPEGImages', seg_map_path='SegmentationClass'),
        data_root='/home/qta2szh/datasets/VOC/VOCdevkit/VOC2012',
        pipeline=[
            dict(type='LoadImageFromFile'),
            dict(keep_ratio=True, scale=(
                2048,
                448,
            ), type='Resize'),
            dict(type='LoadAnnotations'),
            dict(type='PackSegInputs'),
        ],
        type='PascalVOCDataset'),
    num_workers=4,
    persistent_workers=True,
    sampler=dict(shuffle=False, type='DefaultSampler'))
test_evaluator = dict(
    iou_metrics=[
        'mIoU',
    ], type='IoUMetric')
test_pipeline = [
    dict(type='LoadImageFromFile'),
    dict(keep_ratio=True, scale=(
        2048,
        448,
    ), type='Resize'),
    dict(type='LoadAnnotations'),
    dict(type='PackSegInputs'),
]
vis_backends = [
    dict(type='LocalVisBackend'),
]
visualizer = dict(
    alpha=1.0,
    name='visualizer',
    type='SegLocalVisualizer',
    vis_backends=[
        dict(type='LocalVisBackend'),
    ])
work_dir = '/home/qta2szh/CLIP/ClearCLIP/work_logs'

2025/04/20 11:08:24 - mmengine - INFO - Distributed training is not used, all SyncBatchNorm (SyncBN) layers in the model will be automatically reverted to BatchNormXd layers if they are used.
2025/04/20 11:08:24 - mmengine - INFO - Hooks will be executed in the following order:
before_run:
(VERY_HIGH   ) RuntimeInfoHook                    
(BELOW_NORMAL) LoggerHook                         
 -------------------- 
before_train:
(VERY_HIGH   ) RuntimeInfoHook                    
(NORMAL      ) IterTimerHook                      
(VERY_LOW    ) CheckpointHook                     
 -------------------- 
before_train_epoch:
(VERY_HIGH   ) RuntimeInfoHook                    
(NORMAL      ) IterTimerHook                      
(NORMAL      ) DistSamplerSeedHook                
 -------------------- 
before_train_iter:
(VERY_HIGH   ) RuntimeInfoHook                    
(NORMAL      ) IterTimerHook                      
 -------------------- 
after_train_iter:
(VERY_HIGH   ) RuntimeInfoHook                    
(NORMAL      ) IterTimerHook                      
(NORMAL      ) SegVisualizationHook               
(BELOW_NORMAL) LoggerHook                         
(LOW         ) ParamSchedulerHook                 
(VERY_LOW    ) CheckpointHook                     
 -------------------- 
after_train_epoch:
(NORMAL      ) IterTimerHook                      
(LOW         ) ParamSchedulerHook                 
(VERY_LOW    ) CheckpointHook                     
 -------------------- 
before_val:
(VERY_HIGH   ) RuntimeInfoHook                    
 -------------------- 
before_val_epoch:
(NORMAL      ) IterTimerHook                      
 -------------------- 
before_val_iter:
(NORMAL      ) IterTimerHook                      
 -------------------- 
after_val_iter:
(NORMAL      ) IterTimerHook                      
(NORMAL      ) SegVisualizationHook               
(BELOW_NORMAL) LoggerHook                         
 -------------------- 
after_val_epoch:
(VERY_HIGH   ) RuntimeInfoHook                    
(NORMAL      ) IterTimerHook                      
(BELOW_NORMAL) LoggerHook                         
(LOW         ) ParamSchedulerHook                 
(VERY_LOW    ) CheckpointHook                     
 -------------------- 
after_val:
(VERY_HIGH   ) RuntimeInfoHook                    
 -------------------- 
after_train:
(VERY_HIGH   ) RuntimeInfoHook                    
(VERY_LOW    ) CheckpointHook                     
 -------------------- 
before_test:
(VERY_HIGH   ) RuntimeInfoHook                    
 -------------------- 
before_test_epoch:
(NORMAL      ) IterTimerHook                      
 -------------------- 
before_test_iter:
(NORMAL      ) IterTimerHook                      
 -------------------- 
after_test_iter:
(NORMAL      ) IterTimerHook                      
(NORMAL      ) SegVisualizationHook               
(BELOW_NORMAL) LoggerHook                         
 -------------------- 
after_test_epoch:
(VERY_HIGH   ) RuntimeInfoHook                    
(NORMAL      ) IterTimerHook                      
(BELOW_NORMAL) LoggerHook                         
 -------------------- 
after_test:
(VERY_HIGH   ) RuntimeInfoHook                    
 -------------------- 
after_run:
(BELOW_NORMAL) LoggerHook                         
 -------------------- 
2025/04/20 11:08:24 - mmengine - WARNING - The prefix is not set in metric class IoUMetric.
2025/04/20 11:08:29 - mmengine - INFO - Iter(test) [  50/1449]    eta: 0:01:52  time: 0.0670  data_time: 0.0012  memory: 438  
2025/04/20 11:08:32 - mmengine - INFO - Iter(test) [ 100/1449]    eta: 0:01:36  time: 0.0640  data_time: 0.0011  memory: 409  
2025/04/20 11:08:35 - mmengine - INFO - Iter(test) [ 150/1449]    eta: 0:01:31  time: 0.0737  data_time: 0.0013  memory: 425  
2025/04/20 11:08:38 - mmengine - INFO - Iter(test) [ 200/1449]    eta: 0:01:25  time: 0.0640  data_time: 0.0012  memory: 412  
2025/04/20 11:08:41 - mmengine - INFO - Iter(test) [ 250/1449]    eta: 0:01:20  time: 0.0610  data_time: 0.0011  memory: 412  
2025/04/20 11:08:45 - mmengine - INFO - Iter(test) [ 300/1449]    eta: 0:01:16  time: 0.0619  data_time: 0.0012  memory: 412  
2025/04/20 11:08:48 - mmengine - INFO - Iter(test) [ 350/1449]    eta: 0:01:12  time: 0.0590  data_time: 0.0011  memory: 409  
2025/04/20 11:08:51 - mmengine - INFO - Iter(test) [ 400/1449]    eta: 0:01:09  time: 0.0712  data_time: 0.0012  memory: 412  
2025/04/20 11:08:54 - mmengine - INFO - Iter(test) [ 450/1449]    eta: 0:01:06  time: 0.0640  data_time: 0.0012  memory: 412  
2025/04/20 11:08:58 - mmengine - INFO - Iter(test) [ 500/1449]    eta: 0:01:02  time: 0.0719  data_time: 0.0013  memory: 429  
2025/04/20 11:09:01 - mmengine - INFO - Iter(test) [ 550/1449]    eta: 0:00:59  time: 0.0634  data_time: 0.0012  memory: 413  
2025/04/20 11:09:04 - mmengine - INFO - Iter(test) [ 600/1449]    eta: 0:00:55  time: 0.0612  data_time: 0.0011  memory: 412  
2025/04/20 11:09:07 - mmengine - INFO - Iter(test) [ 650/1449]    eta: 0:00:52  time: 0.0711  data_time: 0.0012  memory: 409  
2025/04/20 11:09:10 - mmengine - INFO - Iter(test) [ 700/1449]    eta: 0:00:49  time: 0.0648  data_time: 0.0012  memory: 413  
2025/04/20 11:09:14 - mmengine - INFO - Iter(test) [ 750/1449]    eta: 0:00:45  time: 0.0613  data_time: 0.0012  memory: 412  
2025/04/20 11:09:17 - mmengine - INFO - Iter(test) [ 800/1449]    eta: 0:00:42  time: 0.0796  data_time: 0.0012  memory: 417  
2025/04/20 11:09:20 - mmengine - INFO - Iter(test) [ 850/1449]    eta: 0:00:39  time: 0.0597  data_time: 0.0012  memory: 412  
2025/04/20 11:09:23 - mmengine - INFO - Iter(test) [ 900/1449]    eta: 0:00:35  time: 0.0646  data_time: 0.0012  memory: 409  
2025/04/20 11:09:27 - mmengine - INFO - Iter(test) [ 950/1449]    eta: 0:00:32  time: 0.0638  data_time: 0.0011  memory: 409  
2025/04/20 11:09:30 - mmengine - INFO - Iter(test) [1000/1449]    eta: 0:00:29  time: 0.0646  data_time: 0.0012  memory: 413  
2025/04/20 11:09:33 - mmengine - INFO - Iter(test) [1050/1449]    eta: 0:00:25  time: 0.0601  data_time: 0.0012  memory: 411  
2025/04/20 11:09:36 - mmengine - INFO - Iter(test) [1100/1449]    eta: 0:00:22  time: 0.0769  data_time: 0.0014  memory: 420  
2025/04/20 11:09:39 - mmengine - INFO - Iter(test) [1150/1449]    eta: 0:00:19  time: 0.0648  data_time: 0.0012  memory: 411  
2025/04/20 11:09:42 - mmengine - INFO - Iter(test) [1200/1449]    eta: 0:00:16  time: 0.0697  data_time: 0.0013  memory: 412  
2025/04/20 11:09:46 - mmengine - INFO - Iter(test) [1250/1449]    eta: 0:00:12  time: 0.0625  data_time: 0.0012  memory: 418  
2025/04/20 11:09:49 - mmengine - INFO - Iter(test) [1300/1449]    eta: 0:00:09  time: 0.0589  data_time: 0.0012  memory: 412  
2025/04/20 11:09:52 - mmengine - INFO - Iter(test) [1350/1449]    eta: 0:00:06  time: 0.0701  data_time: 0.0011  memory: 412  
2025/04/20 11:09:55 - mmengine - INFO - Iter(test) [1400/1449]    eta: 0:00:03  time: 0.0583  data_time: 0.0011  memory: 409  
2025/04/20 11:09:58 - mmengine - INFO - per class results:
2025/04/20 11:09:58 - mmengine - INFO - 
+-------------+-------+-------+
|    Class    |  IoU  |  Acc  |
+-------------+-------+-------+
|  background | 55.71 |  61.7 |
|  aeroplane  | 18.57 | 87.41 |
|   bicycle   | 18.32 | 90.28 |
|     bird    | 39.34 | 62.29 |
|     boat    | 22.11 | 76.64 |
|    bottle   | 49.64 | 74.78 |
|     bus     | 48.71 | 97.78 |
|     car     | 41.01 | 92.69 |
|     cat     | 41.16 | 96.27 |
|    chair    | 10.92 |  13.5 |
|     cow     | 38.52 | 88.45 |
| diningtable | 35.97 |  78.3 |
|     dog     | 42.73 | 88.03 |
|    horse    | 28.45 | 95.54 |
|  motorbike  | 40.24 | 64.02 |
|    person   |  0.14 |  0.14 |
| pottedplant | 25.02 | 66.67 |
|    sheep    |  22.9 | 97.12 |
|     sofa    | 36.25 | 72.48 |
|    train    | 34.77 | 95.48 |
|  tvmonitor  | 21.65 | 26.74 |
+-------------+-------+-------+
2025/04/20 11:09:58 - mmengine - INFO - Iter(test) [1449/1449]    aAcc: 62.6000  mIoU: 32.0100  mAcc: 72.6800  data_time: 0.0014  time: 0.0645
