2025/04/20 11:22:52 - mmengine - INFO - 
------------------------------------------------------------
System environment:
    sys.platform: linux
    Python: 3.10.13 (main, Sep 11 2023, 13:44:35) [GCC 11.2.0]
    CUDA available: True
    numpy_random_seed: 1242827807
    CUDA_HOME: /fs/applications/cuda/11.6
    NVCC: Cuda compilation tools, release 11.6, V11.6.124
    GCC: gcc (GCC) 8.5.0 20210514 (Red Hat 8.5.0-24)
    PyTorch: 1.13.1+cu117
    PyTorch compiling details: PyTorch built with:
  - GCC 9.3
  - C++ Version: 201402
  - Intel(R) Math Kernel Library Version 2020.0.0 Product Build 20191122 for Intel(R) 64 architecture applications
  - Intel(R) MKL-DNN v2.6.0 (Git Hash 52b5f107dd9cf10910aaa19cb47f3abf9b349815)
  - OpenMP 201511 (a.k.a. OpenMP 4.5)
  - LAPACK is enabled (usually provided by MKL)
  - NNPACK is enabled
  - CPU capability usage: AVX2
  - CUDA Runtime 11.7
  - NVCC architecture flags: -gencode;arch=compute_37,code=sm_37;-gencode;arch=compute_50,code=sm_50;-gencode;arch=compute_60,code=sm_60;-gencode;arch=compute_70,code=sm_70;-gencode;arch=compute_75,code=sm_75;-gencode;arch=compute_80,code=sm_80;-gencode;arch=compute_86,code=sm_86
  - CuDNN 8.5
  - Magma 2.6.1
  - Build settings: BLAS_INFO=mkl, BUILD_TYPE=Release, CUDA_VERSION=11.7, CUDNN_VERSION=8.5.0, CXX_COMPILER=/opt/rh/devtoolset-9/root/usr/bin/c++, CXX_FLAGS= -fabi-version=11 -Wno-deprecated -fvisibility-inlines-hidden -DUSE_PTHREADPOOL -fopenmp -DNDEBUG -DUSE_KINETO -DUSE_FBGEMM -DUSE_QNNPACK -DUSE_PYTORCH_QNNPACK -DUSE_XNNPACK -DSYMBOLICATE_MOBILE_DEBUG_HANDLE -DEDGE_PROFILER_USE_KINETO -O2 -fPIC -Wno-narrowing -Wall -Wextra -Werror=return-type -Werror=non-virtual-dtor -Wno-missing-field-initializers -Wno-type-limits -Wno-array-bounds -Wno-unknown-pragmas -Wunused-local-typedefs -Wno-unused-parameter -Wno-unused-function -Wno-unused-result -Wno-strict-overflow -Wno-strict-aliasing -Wno-error=deprecated-declarations -Wno-stringop-overflow -Wno-psabi -Wno-error=pedantic -Wno-error=redundant-decls -Wno-error=old-style-cast -fdiagnostics-color=always -faligned-new -Wno-unused-but-set-variable -Wno-maybe-uninitialized -fno-math-errno -fno-trapping-math -Werror=format -Werror=cast-function-type -Wno-stringop-overflow, LAPACK_INFO=mkl, PERF_WITH_AVX=1, PERF_WITH_AVX2=1, PERF_WITH_AVX512=1, TORCH_VERSION=1.13.1, USE_CUDA=ON, USE_CUDNN=ON, USE_EXCEPTION_PTR=1, USE_GFLAGS=OFF, USE_GLOG=OFF, USE_MKL=ON, USE_MKLDNN=ON, USE_MPI=OFF, USE_NCCL=ON, USE_NNPACK=ON, USE_OPENMP=ON, USE_ROCM=OFF, 

    TorchVision: 0.14.1+cu117
    OpenCV: 4.6.0
    MMEngine: 0.8.4

Runtime environment:
    cudnn_benchmark: True
    mp_cfg: {'mp_start_method': 'fork', 'opencv_num_threads': 0}
    dist_cfg: {'backend': 'nccl'}
    seed: 1242827807
    Distributed launcher: none
    Distributed training: False
    GPU number: 1
------------------------------------------------------------

2025/04/20 11:22:52 - mmengine - INFO - Config:
data_root = '/home/qta2szh/datasets/VOC/VOCdevkit/VOC2012'
dataset_type = 'PascalVOC20Dataset'
default_hooks = dict(
    checkpoint=dict(by_epoch=False, interval=2000, type='CheckpointHook'),
    logger=dict(interval=50, log_metric_by_epoch=False, type='LoggerHook'),
    param_scheduler=dict(type='ParamSchedulerHook'),
    sampler_seed=dict(type='DistSamplerSeedHook'),
    timer=dict(type='IterTimerHook'),
    visualization=dict(interval=2, type='SegVisualizationHook'))
default_scope = 'mmseg'
env_cfg = dict(
    cudnn_benchmark=True,
    dist_cfg=dict(backend='nccl'),
    mp_cfg=dict(mp_start_method='fork', opencv_num_threads=0))
launcher = 'none'
load_from = None
log_level = 'INFO'
log_processor = dict(by_epoch=False)
model = dict(
    clip_type='CLIP',
    ignore_residual=True,
    model_type='ClearCLIP',
    name_path='./configs/cls_voc20.txt',
    type='ClearCLIPSegmentation',
    vit_type='ViT-B/16')
resume = False
test_cfg = dict(type='TestLoop')
test_dataloader = dict(
    batch_size=1,
    dataset=dict(
        ann_file='ImageSets/Segmentation/val.txt',
        data_prefix=dict(
            img_path='JPEGImages', seg_map_path='SegmentationClass'),
        data_root='/home/qta2szh/datasets/VOC/VOCdevkit/VOC2012',
        pipeline=[
            dict(type='LoadImageFromFile'),
            dict(keep_ratio=True, scale=(
                2048,
                448,
            ), type='Resize'),
            dict(type='LoadAnnotations'),
            dict(type='PackSegInputs'),
        ],
        type='PascalVOC20Dataset'),
    num_workers=4,
    persistent_workers=True,
    sampler=dict(shuffle=False, type='DefaultSampler'))
test_evaluator = dict(
    iou_metrics=[
        'mIoU',
    ], type='IoUMetric')
test_pipeline = [
    dict(type='LoadImageFromFile'),
    dict(keep_ratio=True, scale=(
        2048,
        448,
    ), type='Resize'),
    dict(type='LoadAnnotations'),
    dict(type='PackSegInputs'),
]
vis_backends = [
    dict(type='LocalVisBackend'),
]
visualizer = dict(
    alpha=1.0,
    name='visualizer',
    type='SegLocalVisualizer',
    vis_backends=[
        dict(type='LocalVisBackend'),
    ])
work_dir = '/home/qta2szh/CLIP/ClearCLIP/work_logs'

2025/04/20 11:22:58 - mmengine - INFO - Distributed training is not used, all SyncBatchNorm (SyncBN) layers in the model will be automatically reverted to BatchNormXd layers if they are used.
2025/04/20 11:22:58 - mmengine - INFO - Hooks will be executed in the following order:
before_run:
(VERY_HIGH   ) RuntimeInfoHook                    
(BELOW_NORMAL) LoggerHook                         
 -------------------- 
before_train:
(VERY_HIGH   ) RuntimeInfoHook                    
(NORMAL      ) IterTimerHook                      
(VERY_LOW    ) CheckpointHook                     
 -------------------- 
before_train_epoch:
(VERY_HIGH   ) RuntimeInfoHook                    
(NORMAL      ) IterTimerHook                      
(NORMAL      ) DistSamplerSeedHook                
 -------------------- 
before_train_iter:
(VERY_HIGH   ) RuntimeInfoHook                    
(NORMAL      ) IterTimerHook                      
 -------------------- 
after_train_iter:
(VERY_HIGH   ) RuntimeInfoHook                    
(NORMAL      ) IterTimerHook                      
(NORMAL      ) SegVisualizationHook               
(BELOW_NORMAL) LoggerHook                         
(LOW         ) ParamSchedulerHook                 
(VERY_LOW    ) CheckpointHook                     
 -------------------- 
after_train_epoch:
(NORMAL      ) IterTimerHook                      
(LOW         ) ParamSchedulerHook                 
(VERY_LOW    ) CheckpointHook                     
 -------------------- 
before_val:
(VERY_HIGH   ) RuntimeInfoHook                    
 -------------------- 
before_val_epoch:
(NORMAL      ) IterTimerHook                      
 -------------------- 
before_val_iter:
(NORMAL      ) IterTimerHook                      
 -------------------- 
after_val_iter:
(NORMAL      ) IterTimerHook                      
(NORMAL      ) SegVisualizationHook               
(BELOW_NORMAL) LoggerHook                         
 -------------------- 
after_val_epoch:
(VERY_HIGH   ) RuntimeInfoHook                    
(NORMAL      ) IterTimerHook                      
(BELOW_NORMAL) LoggerHook                         
(LOW         ) ParamSchedulerHook                 
(VERY_LOW    ) CheckpointHook                     
 -------------------- 
after_val:
(VERY_HIGH   ) RuntimeInfoHook                    
 -------------------- 
after_train:
(VERY_HIGH   ) RuntimeInfoHook                    
(VERY_LOW    ) CheckpointHook                     
 -------------------- 
before_test:
(VERY_HIGH   ) RuntimeInfoHook                    
 -------------------- 
before_test_epoch:
(NORMAL      ) IterTimerHook                      
 -------------------- 
before_test_iter:
(NORMAL      ) IterTimerHook                      
 -------------------- 
after_test_iter:
(NORMAL      ) IterTimerHook                      
(NORMAL      ) SegVisualizationHook               
(BELOW_NORMAL) LoggerHook                         
 -------------------- 
after_test_epoch:
(VERY_HIGH   ) RuntimeInfoHook                    
(NORMAL      ) IterTimerHook                      
(BELOW_NORMAL) LoggerHook                         
 -------------------- 
after_test:
(VERY_HIGH   ) RuntimeInfoHook                    
 -------------------- 
after_run:
(BELOW_NORMAL) LoggerHook                         
 -------------------- 
2025/04/20 11:22:58 - mmengine - WARNING - The prefix is not set in metric class IoUMetric.
2025/04/20 11:23:02 - mmengine - INFO - Iter(test) [  50/1449]    eta: 0:01:51  time: 0.0662  data_time: 0.0011  memory: 438  
2025/04/20 11:23:05 - mmengine - INFO - Iter(test) [ 100/1449]    eta: 0:01:35  time: 0.0647  data_time: 0.0012  memory: 408  
2025/04/20 11:23:08 - mmengine - INFO - Iter(test) [ 150/1449]    eta: 0:01:29  time: 0.0685  data_time: 0.0011  memory: 423  
2025/04/20 11:23:12 - mmengine - INFO - Iter(test) [ 200/1449]    eta: 0:01:24  time: 0.0654  data_time: 0.0012  memory: 412  
2025/04/20 11:23:15 - mmengine - INFO - Iter(test) [ 250/1449]    eta: 0:01:19  time: 0.0609  data_time: 0.0011  memory: 412  
2025/04/20 11:23:18 - mmengine - INFO - Iter(test) [ 300/1449]    eta: 0:01:16  time: 0.0605  data_time: 0.0011  memory: 410  
2025/04/20 11:23:21 - mmengine - INFO - Iter(test) [ 350/1449]    eta: 0:01:11  time: 0.0580  data_time: 0.0011  memory: 409  
2025/04/20 11:23:24 - mmengine - INFO - Iter(test) [ 400/1449]    eta: 0:01:08  time: 0.0695  data_time: 0.0012  memory: 412  
2025/04/20 11:23:27 - mmengine - INFO - Iter(test) [ 450/1449]    eta: 0:01:05  time: 0.0646  data_time: 0.0012  memory: 410  
2025/04/20 11:23:31 - mmengine - INFO - Iter(test) [ 500/1449]    eta: 0:01:02  time: 0.0701  data_time: 0.0012  memory: 428  
2025/04/20 11:23:34 - mmengine - INFO - Iter(test) [ 550/1449]    eta: 0:00:59  time: 0.0626  data_time: 0.0013  memory: 413  
2025/04/20 11:23:37 - mmengine - INFO - Iter(test) [ 600/1449]    eta: 0:00:55  time: 0.0614  data_time: 0.0012  memory: 411  
2025/04/20 11:23:41 - mmengine - INFO - Iter(test) [ 650/1449]    eta: 0:00:52  time: 0.0699  data_time: 0.0012  memory: 408  
2025/04/20 11:23:44 - mmengine - INFO - Iter(test) [ 700/1449]    eta: 0:00:49  time: 0.0633  data_time: 0.0011  memory: 412  
2025/04/20 11:23:47 - mmengine - INFO - Iter(test) [ 750/1449]    eta: 0:00:45  time: 0.0592  data_time: 0.0012  memory: 410  
2025/04/20 11:23:51 - mmengine - INFO - Iter(test) [ 800/1449]    eta: 0:00:42  time: 0.0831  data_time: 0.0013  memory: 418  
2025/04/20 11:23:54 - mmengine - INFO - Iter(test) [ 850/1449]    eta: 0:00:39  time: 0.0591  data_time: 0.0011  memory: 410  
2025/04/20 11:23:57 - mmengine - INFO - Iter(test) [ 900/1449]    eta: 0:00:35  time: 0.0643  data_time: 0.0012  memory: 408  
2025/04/20 11:24:00 - mmengine - INFO - Iter(test) [ 950/1449]    eta: 0:00:32  time: 0.0639  data_time: 0.0012  memory: 408  
2025/04/20 11:24:03 - mmengine - INFO - Iter(test) [1000/1449]    eta: 0:00:29  time: 0.0637  data_time: 0.0012  memory: 413  
2025/04/20 11:24:06 - mmengine - INFO - Iter(test) [1050/1449]    eta: 0:00:25  time: 0.0585  data_time: 0.0011  memory: 409  
2025/04/20 11:24:09 - mmengine - INFO - Iter(test) [1100/1449]    eta: 0:00:22  time: 0.0694  data_time: 0.0012  memory: 419  
2025/04/20 11:24:12 - mmengine - INFO - Iter(test) [1150/1449]    eta: 0:00:19  time: 0.0648  data_time: 0.0012  memory: 410  
2025/04/20 11:24:16 - mmengine - INFO - Iter(test) [1200/1449]    eta: 0:00:16  time: 0.0677  data_time: 0.0013  memory: 412  
2025/04/20 11:24:19 - mmengine - INFO - Iter(test) [1250/1449]    eta: 0:00:12  time: 0.0653  data_time: 0.0013  memory: 418  
2025/04/20 11:24:22 - mmengine - INFO - Iter(test) [1300/1449]    eta: 0:00:09  time: 0.0589  data_time: 0.0012  memory: 412  
2025/04/20 11:24:25 - mmengine - INFO - Iter(test) [1350/1449]    eta: 0:00:06  time: 0.0688  data_time: 0.0011  memory: 410  
2025/04/20 11:24:28 - mmengine - INFO - Iter(test) [1400/1449]    eta: 0:00:03  time: 0.0581  data_time: 0.0011  memory: 408  
2025/04/20 11:24:31 - mmengine - INFO - per class results:
2025/04/20 11:24:31 - mmengine - INFO - 
+-------------+-------+-------+
|    Class    |  IoU  |  Acc  |
+-------------+-------+-------+
|  aeroplane  | 95.94 | 97.97 |
|   bicycle   | 68.81 | 97.67 |
|     bird    | 94.31 | 97.58 |
|     boat    | 83.98 | 89.95 |
|    bottle   | 85.08 | 92.53 |
|     bus     | 93.98 | 96.55 |
|     car     | 88.74 | 98.74 |
|     cat     | 94.03 | 96.82 |
|    chair    | 41.81 | 50.28 |
|     cow     | 90.72 | 95.21 |
| diningtable | 48.54 | 93.92 |
|     dog     | 90.45 | 92.93 |
|    horse    | 90.22 | 96.57 |
|  motorbike  | 80.68 |  89.8 |
|    person   | 71.84 | 73.92 |
| pottedplant | 83.89 | 94.62 |
|    sheep    | 86.01 | 97.77 |
|     sofa    | 70.87 | 94.94 |
|    train    | 97.07 | 97.67 |
|  tvmonitor  | 61.47 |  61.6 |
+-------------+-------+-------+
2025/04/20 11:24:31 - mmengine - INFO - Iter(test) [1449/1449]    aAcc: 88.8400  mIoU: 80.9200  mAcc: 90.3500  data_time: 0.0014  time: 0.0644
