2025/04/21 13:40:32 - mmengine - INFO - 
------------------------------------------------------------
System environment:
    sys.platform: linux
    Python: 3.10.13 (main, Sep 11 2023, 13:44:35) [GCC 11.2.0]
    CUDA available: True
    numpy_random_seed: 1394582373
    CUDA_HOME: None
    GCC: gcc (GCC) 8.5.0 20210514 (Red Hat 8.5.0-24)
    PyTorch: 1.13.1+cu117
    PyTorch compiling details: PyTorch built with:
  - GCC 9.3
  - C++ Version: 201402
  - Intel(R) Math Kernel Library Version 2020.0.0 Product Build 20191122 for Intel(R) 64 architecture applications
  - Intel(R) MKL-DNN v2.6.0 (Git Hash 52b5f107dd9cf10910aaa19cb47f3abf9b349815)
  - OpenMP 201511 (a.k.a. OpenMP 4.5)
  - LAPACK is enabled (usually provided by MKL)
  - NNPACK is enabled
  - CPU capability usage: AVX2
  - CUDA Runtime 11.7
  - NVCC architecture flags: -gencode;arch=compute_37,code=sm_37;-gencode;arch=compute_50,code=sm_50;-gencode;arch=compute_60,code=sm_60;-gencode;arch=compute_70,code=sm_70;-gencode;arch=compute_75,code=sm_75;-gencode;arch=compute_80,code=sm_80;-gencode;arch=compute_86,code=sm_86
  - CuDNN 8.5
  - Magma 2.6.1
  - Build settings: BLAS_INFO=mkl, BUILD_TYPE=Release, CUDA_VERSION=11.7, CUDNN_VERSION=8.5.0, CXX_COMPILER=/opt/rh/devtoolset-9/root/usr/bin/c++, CXX_FLAGS= -fabi-version=11 -Wno-deprecated -fvisibility-inlines-hidden -DUSE_PTHREADPOOL -fopenmp -DNDEBUG -DUSE_KINETO -DUSE_FBGEMM -DUSE_QNNPACK -DUSE_PYTORCH_QNNPACK -DUSE_XNNPACK -DSYMBOLICATE_MOBILE_DEBUG_HANDLE -DEDGE_PROFILER_USE_KINETO -O2 -fPIC -Wno-narrowing -Wall -Wextra -Werror=return-type -Werror=non-virtual-dtor -Wno-missing-field-initializers -Wno-type-limits -Wno-array-bounds -Wno-unknown-pragmas -Wunused-local-typedefs -Wno-unused-parameter -Wno-unused-function -Wno-unused-result -Wno-strict-overflow -Wno-strict-aliasing -Wno-error=deprecated-declarations -Wno-stringop-overflow -Wno-psabi -Wno-error=pedantic -Wno-error=redundant-decls -Wno-error=old-style-cast -fdiagnostics-color=always -faligned-new -Wno-unused-but-set-variable -Wno-maybe-uninitialized -fno-math-errno -fno-trapping-math -Werror=format -Werror=cast-function-type -Wno-stringop-overflow, LAPACK_INFO=mkl, PERF_WITH_AVX=1, PERF_WITH_AVX2=1, PERF_WITH_AVX512=1, TORCH_VERSION=1.13.1, USE_CUDA=ON, USE_CUDNN=ON, USE_EXCEPTION_PTR=1, USE_GFLAGS=OFF, USE_GLOG=OFF, USE_MKL=ON, USE_MKLDNN=ON, USE_MPI=OFF, USE_NCCL=ON, USE_NNPACK=ON, USE_OPENMP=ON, USE_ROCM=OFF, 

    TorchVision: 0.14.1+cu117
    OpenCV: 4.6.0
    MMEngine: 0.8.4

Runtime environment:
    cudnn_benchmark: True
    mp_cfg: {'mp_start_method': 'fork', 'opencv_num_threads': 0}
    dist_cfg: {'backend': 'nccl'}
    seed: 1394582373
    Distributed launcher: none
    Distributed training: False
    GPU number: 1
------------------------------------------------------------

2025/04/21 13:40:32 - mmengine - INFO - Config:
data_root = '/home/qta2szh/datasets/VOC/VOCdevkit/VOC2012'
dataset_type = 'PascalVOC20Dataset'
default_hooks = dict(
    checkpoint=dict(by_epoch=False, interval=2000, type='CheckpointHook'),
    logger=dict(interval=50, log_metric_by_epoch=False, type='LoggerHook'),
    param_scheduler=dict(type='ParamSchedulerHook'),
    sampler_seed=dict(type='DistSamplerSeedHook'),
    timer=dict(type='IterTimerHook'),
    visualization=dict(interval=2, type='SegVisualizationHook'))
default_scope = 'mmseg'
env_cfg = dict(
    cudnn_benchmark=True,
    dist_cfg=dict(backend='nccl'),
    mp_cfg=dict(mp_start_method='fork', opencv_num_threads=0))
launcher = 'none'
load_from = None
log_level = 'INFO'
log_processor = dict(by_epoch=False)
model = dict(
    clip_type='CLIP',
    ignore_residual=True,
    model_type='MYCLIP',
    name_path='./configs/cls_voc20.txt',
    type='ClearCLIPSegmentation',
    vit_type='ViT-B/16')
resume = False
test_cfg = dict(type='TestLoop')
test_dataloader = dict(
    batch_size=1,
    dataset=dict(
        ann_file='ImageSets/Segmentation/val.txt',
        data_prefix=dict(
            img_path='JPEGImages', seg_map_path='SegmentationClass'),
        data_root='/home/qta2szh/datasets/VOC/VOCdevkit/VOC2012',
        pipeline=[
            dict(type='LoadImageFromFile'),
            dict(keep_ratio=True, scale=(
                2048,
                448,
            ), type='Resize'),
            dict(type='LoadAnnotations'),
            dict(type='PackSegInputs'),
        ],
        type='PascalVOC20Dataset'),
    num_workers=4,
    persistent_workers=True,
    sampler=dict(shuffle=False, type='DefaultSampler'))
test_evaluator = dict(
    iou_metrics=[
        'mIoU',
    ], type='IoUMetric')
test_pipeline = [
    dict(type='LoadImageFromFile'),
    dict(keep_ratio=True, scale=(
        2048,
        448,
    ), type='Resize'),
    dict(type='LoadAnnotations'),
    dict(type='PackSegInputs'),
]
vis_backends = [
    dict(type='LocalVisBackend'),
]
visualizer = dict(
    alpha=1.0,
    name='visualizer',
    type='SegLocalVisualizer',
    vis_backends=[
        dict(type='LocalVisBackend'),
    ])
work_dir = '/home/qta2szh/CLIP/ClearCLIP/work_logs'

2025/04/21 13:40:37 - mmengine - INFO - Distributed training is not used, all SyncBatchNorm (SyncBN) layers in the model will be automatically reverted to BatchNormXd layers if they are used.
2025/04/21 13:40:37 - mmengine - INFO - Hooks will be executed in the following order:
before_run:
(VERY_HIGH   ) RuntimeInfoHook                    
(BELOW_NORMAL) LoggerHook                         
 -------------------- 
before_train:
(VERY_HIGH   ) RuntimeInfoHook                    
(NORMAL      ) IterTimerHook                      
(VERY_LOW    ) CheckpointHook                     
 -------------------- 
before_train_epoch:
(VERY_HIGH   ) RuntimeInfoHook                    
(NORMAL      ) IterTimerHook                      
(NORMAL      ) DistSamplerSeedHook                
 -------------------- 
before_train_iter:
(VERY_HIGH   ) RuntimeInfoHook                    
(NORMAL      ) IterTimerHook                      
 -------------------- 
after_train_iter:
(VERY_HIGH   ) RuntimeInfoHook                    
(NORMAL      ) IterTimerHook                      
(NORMAL      ) SegVisualizationHook               
(BELOW_NORMAL) LoggerHook                         
(LOW         ) ParamSchedulerHook                 
(VERY_LOW    ) CheckpointHook                     
 -------------------- 
after_train_epoch:
(NORMAL      ) IterTimerHook                      
(LOW         ) ParamSchedulerHook                 
(VERY_LOW    ) CheckpointHook                     
 -------------------- 
before_val:
(VERY_HIGH   ) RuntimeInfoHook                    
 -------------------- 
before_val_epoch:
(NORMAL      ) IterTimerHook                      
 -------------------- 
before_val_iter:
(NORMAL      ) IterTimerHook                      
 -------------------- 
after_val_iter:
(NORMAL      ) IterTimerHook                      
(NORMAL      ) SegVisualizationHook               
(BELOW_NORMAL) LoggerHook                         
 -------------------- 
after_val_epoch:
(VERY_HIGH   ) RuntimeInfoHook                    
(NORMAL      ) IterTimerHook                      
(BELOW_NORMAL) LoggerHook                         
(LOW         ) ParamSchedulerHook                 
(VERY_LOW    ) CheckpointHook                     
 -------------------- 
after_val:
(VERY_HIGH   ) RuntimeInfoHook                    
 -------------------- 
after_train:
(VERY_HIGH   ) RuntimeInfoHook                    
(VERY_LOW    ) CheckpointHook                     
 -------------------- 
before_test:
(VERY_HIGH   ) RuntimeInfoHook                    
 -------------------- 
before_test_epoch:
(NORMAL      ) IterTimerHook                      
 -------------------- 
before_test_iter:
(NORMAL      ) IterTimerHook                      
 -------------------- 
after_test_iter:
(NORMAL      ) IterTimerHook                      
(NORMAL      ) SegVisualizationHook               
(BELOW_NORMAL) LoggerHook                         
 -------------------- 
after_test_epoch:
(VERY_HIGH   ) RuntimeInfoHook                    
(NORMAL      ) IterTimerHook                      
(BELOW_NORMAL) LoggerHook                         
 -------------------- 
after_test:
(VERY_HIGH   ) RuntimeInfoHook                    
 -------------------- 
after_run:
(BELOW_NORMAL) LoggerHook                         
 -------------------- 
2025/04/21 13:40:37 - mmengine - WARNING - The prefix is not set in metric class IoUMetric.
2025/04/21 13:40:42 - mmengine - INFO - Iter(test) [  50/1449]    eta: 0:02:04  time: 0.0751  data_time: 0.0012  memory: 470  
2025/04/21 13:40:45 - mmengine - INFO - Iter(test) [ 100/1449]    eta: 0:01:45  time: 0.0715  data_time: 0.0014  memory: 463  
2025/04/21 13:40:50 - mmengine - INFO - Iter(test) [ 150/1449]    eta: 0:01:49  time: 0.0751  data_time: 0.0012  memory: 479  
2025/04/21 13:40:54 - mmengine - INFO - Iter(test) [ 200/1449]    eta: 0:01:41  time: 0.0741  data_time: 0.0014  memory: 467  
2025/04/21 13:40:57 - mmengine - INFO - Iter(test) [ 250/1449]    eta: 0:01:34  time: 0.0681  data_time: 0.0013  memory: 467  
2025/04/21 13:41:01 - mmengine - INFO - Iter(test) [ 300/1449]    eta: 0:01:28  time: 0.0681  data_time: 0.0013  memory: 466  
2025/04/21 13:41:04 - mmengine - INFO - Iter(test) [ 350/1449]    eta: 0:01:23  time: 0.0646  data_time: 0.0012  memory: 464  
2025/04/21 13:41:08 - mmengine - INFO - Iter(test) [ 400/1449]    eta: 0:01:19  time: 0.0762  data_time: 0.0013  memory: 467  
2025/04/21 13:41:11 - mmengine - INFO - Iter(test) [ 450/1449]    eta: 0:01:14  time: 0.0698  data_time: 0.0012  memory: 466  
2025/04/21 13:41:15 - mmengine - INFO - Iter(test) [ 500/1449]    eta: 0:01:10  time: 0.0759  data_time: 0.0011  memory: 483  
2025/04/21 13:41:19 - mmengine - INFO - Iter(test) [ 550/1449]    eta: 0:01:07  time: 0.0674  data_time: 0.0012  memory: 468  
2025/04/21 13:41:22 - mmengine - INFO - Iter(test) [ 600/1449]    eta: 0:01:03  time: 0.0699  data_time: 0.0012  memory: 466  
2025/04/21 13:41:25 - mmengine - INFO - Iter(test) [ 650/1449]    eta: 0:00:59  time: 0.0753  data_time: 0.0012  memory: 463  
2025/04/21 13:41:29 - mmengine - INFO - Iter(test) [ 700/1449]    eta: 0:00:55  time: 0.0689  data_time: 0.0012  memory: 467  
2025/04/21 13:41:32 - mmengine - INFO - Iter(test) [ 750/1449]    eta: 0:00:51  time: 0.0635  data_time: 0.0012  memory: 466  
2025/04/21 13:41:36 - mmengine - INFO - Iter(test) [ 800/1449]    eta: 0:00:47  time: 0.0860  data_time: 0.0011  memory: 473  
2025/04/21 13:41:39 - mmengine - INFO - Iter(test) [ 850/1449]    eta: 0:00:43  time: 0.0645  data_time: 0.0012  memory: 466  
2025/04/21 13:41:43 - mmengine - INFO - Iter(test) [ 900/1449]    eta: 0:00:39  time: 0.0692  data_time: 0.0012  memory: 463  
2025/04/21 13:41:46 - mmengine - INFO - Iter(test) [ 950/1449]    eta: 0:00:36  time: 0.0689  data_time: 0.0011  memory: 463  
2025/04/21 13:41:50 - mmengine - INFO - Iter(test) [1000/1449]    eta: 0:00:32  time: 0.0932  data_time: 0.0012  memory: 468  
2025/04/21 13:41:53 - mmengine - INFO - Iter(test) [1050/1449]    eta: 0:00:28  time: 0.0634  data_time: 0.0011  memory: 465  
2025/04/21 13:41:57 - mmengine - INFO - Iter(test) [1100/1449]    eta: 0:00:25  time: 0.0771  data_time: 0.0013  memory: 474  
2025/04/21 13:42:00 - mmengine - INFO - Iter(test) [1150/1449]    eta: 0:00:21  time: 0.0699  data_time: 0.0013  memory: 466  
2025/04/21 13:42:03 - mmengine - INFO - Iter(test) [1200/1449]    eta: 0:00:17  time: 0.0752  data_time: 0.0013  memory: 467  
2025/04/21 13:42:07 - mmengine - INFO - Iter(test) [1250/1449]    eta: 0:00:14  time: 0.0673  data_time: 0.0012  memory: 473  
2025/04/21 13:42:10 - mmengine - INFO - Iter(test) [1300/1449]    eta: 0:00:10  time: 0.0632  data_time: 0.0011  memory: 467  
2025/04/21 13:42:14 - mmengine - INFO - Iter(test) [1350/1449]    eta: 0:00:07  time: 0.0768  data_time: 0.0013  memory: 466  
2025/04/21 13:42:17 - mmengine - INFO - Iter(test) [1400/1449]    eta: 0:00:03  time: 0.0643  data_time: 0.0012  memory: 463  
2025/04/21 13:42:21 - mmengine - INFO - per class results:
2025/04/21 13:42:21 - mmengine - INFO - 
+-------------+-------+-------+
|    Class    |  IoU  |  Acc  |
+-------------+-------+-------+
|  aeroplane  | 88.66 | 94.69 |
|   bicycle   | 46.75 | 90.79 |
|     bird    | 74.85 | 78.11 |
|     boat    | 74.98 | 87.02 |
|    bottle   |  75.3 | 77.02 |
|     bus     | 89.92 | 97.84 |
|     car     | 75.76 |  94.0 |
|     cat     | 85.95 | 91.47 |
|    chair    |  25.5 |  32.0 |
|     cow     |  85.6 | 93.03 |
| diningtable | 34.16 | 92.68 |
|     dog     | 78.13 | 85.66 |
|    horse    | 82.65 |  94.6 |
|  motorbike  | 66.81 | 79.56 |
|    person   | 39.97 | 42.41 |
| pottedplant | 45.47 | 77.61 |
|    sheep    | 75.52 | 97.66 |
|     sofa    | 52.95 | 88.99 |
|    train    | 96.43 | 98.72 |
|  tvmonitor  | 39.15 | 39.23 |
+-------------+-------+-------+
2025/04/21 13:42:21 - mmengine - INFO - Iter(test) [1449/1449]    aAcc: 77.6100  mIoU: 66.7200  mAcc: 81.6500  data_time: 0.0015  time: 0.0715
