2025/04/20 17:12:31 - mmengine - INFO - 
------------------------------------------------------------
System environment:
    sys.platform: linux
    Python: 3.10.13 (main, Sep 11 2023, 13:44:35) [GCC 11.2.0]
    CUDA available: True
    numpy_random_seed: 668235059
    GPU 0: NVIDIA L20
    CUDA_HOME: None
    GCC: gcc (GCC) 8.5.0 20210514 (Red Hat 8.5.0-23)
    PyTorch: 1.13.1+cu117
    PyTorch compiling details: PyTorch built with:
  - GCC 9.3
  - C++ Version: 201402
  - Intel(R) Math Kernel Library Version 2020.0.0 Product Build 20191122 for Intel(R) 64 architecture applications
  - Intel(R) MKL-DNN v2.6.0 (Git Hash 52b5f107dd9cf10910aaa19cb47f3abf9b349815)
  - OpenMP 201511 (a.k.a. OpenMP 4.5)
  - LAPACK is enabled (usually provided by MKL)
  - NNPACK is enabled
  - CPU capability usage: AVX2
  - CUDA Runtime 11.7
  - NVCC architecture flags: -gencode;arch=compute_37,code=sm_37;-gencode;arch=compute_50,code=sm_50;-gencode;arch=compute_60,code=sm_60;-gencode;arch=compute_70,code=sm_70;-gencode;arch=compute_75,code=sm_75;-gencode;arch=compute_80,code=sm_80;-gencode;arch=compute_86,code=sm_86
  - CuDNN 8.5
  - Magma 2.6.1
  - Build settings: BLAS_INFO=mkl, BUILD_TYPE=Release, CUDA_VERSION=11.7, CUDNN_VERSION=8.5.0, CXX_COMPILER=/opt/rh/devtoolset-9/root/usr/bin/c++, CXX_FLAGS= -fabi-version=11 -Wno-deprecated -fvisibility-inlines-hidden -DUSE_PTHREADPOOL -fopenmp -DNDEBUG -DUSE_KINETO -DUSE_FBGEMM -DUSE_QNNPACK -DUSE_PYTORCH_QNNPACK -DUSE_XNNPACK -DSYMBOLICATE_MOBILE_DEBUG_HANDLE -DEDGE_PROFILER_USE_KINETO -O2 -fPIC -Wno-narrowing -Wall -Wextra -Werror=return-type -Werror=non-virtual-dtor -Wno-missing-field-initializers -Wno-type-limits -Wno-array-bounds -Wno-unknown-pragmas -Wunused-local-typedefs -Wno-unused-parameter -Wno-unused-function -Wno-unused-result -Wno-strict-overflow -Wno-strict-aliasing -Wno-error=deprecated-declarations -Wno-stringop-overflow -Wno-psabi -Wno-error=pedantic -Wno-error=redundant-decls -Wno-error=old-style-cast -fdiagnostics-color=always -faligned-new -Wno-unused-but-set-variable -Wno-maybe-uninitialized -fno-math-errno -fno-trapping-math -Werror=format -Werror=cast-function-type -Wno-stringop-overflow, LAPACK_INFO=mkl, PERF_WITH_AVX=1, PERF_WITH_AVX2=1, PERF_WITH_AVX512=1, TORCH_VERSION=1.13.1, USE_CUDA=ON, USE_CUDNN=ON, USE_EXCEPTION_PTR=1, USE_GFLAGS=OFF, USE_GLOG=OFF, USE_MKL=ON, USE_MKLDNN=ON, USE_MPI=OFF, USE_NCCL=ON, USE_NNPACK=ON, USE_OPENMP=ON, USE_ROCM=OFF, 

    TorchVision: 0.14.1+cu117
    OpenCV: 4.6.0
    MMEngine: 0.8.4

Runtime environment:
    cudnn_benchmark: True
    mp_cfg: {'mp_start_method': 'fork', 'opencv_num_threads': 0}
    dist_cfg: {'backend': 'nccl'}
    seed: 668235059
    Distributed launcher: none
    Distributed training: False
    GPU number: 1
------------------------------------------------------------

2025/04/20 17:12:31 - mmengine - INFO - Config:
data_root = '/home/qta2szh/datasets/VOC/VOCdevkit/VOC2012'
dataset_type = 'PascalVOC20Dataset'
default_hooks = dict(
    checkpoint=dict(by_epoch=False, interval=2000, type='CheckpointHook'),
    logger=dict(interval=50, log_metric_by_epoch=False, type='LoggerHook'),
    param_scheduler=dict(type='ParamSchedulerHook'),
    sampler_seed=dict(type='DistSamplerSeedHook'),
    timer=dict(type='IterTimerHook'),
    visualization=dict(interval=2, type='SegVisualizationHook'))
default_scope = 'mmseg'
env_cfg = dict(
    cudnn_benchmark=True,
    dist_cfg=dict(backend='nccl'),
    mp_cfg=dict(mp_start_method='fork', opencv_num_threads=0))
launcher = 'none'
load_from = None
log_level = 'INFO'
log_processor = dict(by_epoch=False)
model = dict(
    clip_type='CLIP',
    ignore_residual=True,
    model_type='MYCLIP',
    name_path='./configs/cls_voc20.txt',
    type='ClearCLIPSegmentation',
    vit_type='ViT-B/16')
resume = False
test_cfg = dict(type='TestLoop')
test_dataloader = dict(
    batch_size=1,
    dataset=dict(
        ann_file='ImageSets/Segmentation/val.txt',
        data_prefix=dict(
            img_path='JPEGImages', seg_map_path='SegmentationClass'),
        data_root='/home/qta2szh/datasets/VOC/VOCdevkit/VOC2012',
        pipeline=[
            dict(type='LoadImageFromFile'),
            dict(keep_ratio=True, scale=(
                2048,
                448,
            ), type='Resize'),
            dict(type='LoadAnnotations'),
            dict(type='PackSegInputs'),
        ],
        type='PascalVOC20Dataset'),
    num_workers=4,
    persistent_workers=True,
    sampler=dict(shuffle=False, type='DefaultSampler'))
test_evaluator = dict(
    iou_metrics=[
        'mIoU',
    ], type='IoUMetric')
test_pipeline = [
    dict(type='LoadImageFromFile'),
    dict(keep_ratio=True, scale=(
        2048,
        448,
    ), type='Resize'),
    dict(type='LoadAnnotations'),
    dict(type='PackSegInputs'),
]
vis_backends = [
    dict(type='LocalVisBackend'),
]
visualizer = dict(
    alpha=1.0,
    name='visualizer',
    type='SegLocalVisualizer',
    vis_backends=[
        dict(type='LocalVisBackend'),
    ])
work_dir = '/home/qta2szh/CLIP/ClearCLIP/work_logs'

2025/04/20 17:12:49 - mmengine - INFO - Distributed training is not used, all SyncBatchNorm (SyncBN) layers in the model will be automatically reverted to BatchNormXd layers if they are used.
2025/04/20 17:12:49 - mmengine - INFO - Hooks will be executed in the following order:
before_run:
(VERY_HIGH   ) RuntimeInfoHook                    
(BELOW_NORMAL) LoggerHook                         
 -------------------- 
before_train:
(VERY_HIGH   ) RuntimeInfoHook                    
(NORMAL      ) IterTimerHook                      
(VERY_LOW    ) CheckpointHook                     
 -------------------- 
before_train_epoch:
(VERY_HIGH   ) RuntimeInfoHook                    
(NORMAL      ) IterTimerHook                      
(NORMAL      ) DistSamplerSeedHook                
 -------------------- 
before_train_iter:
(VERY_HIGH   ) RuntimeInfoHook                    
(NORMAL      ) IterTimerHook                      
 -------------------- 
after_train_iter:
(VERY_HIGH   ) RuntimeInfoHook                    
(NORMAL      ) IterTimerHook                      
(NORMAL      ) SegVisualizationHook               
(BELOW_NORMAL) LoggerHook                         
(LOW         ) ParamSchedulerHook                 
(VERY_LOW    ) CheckpointHook                     
 -------------------- 
after_train_epoch:
(NORMAL      ) IterTimerHook                      
(LOW         ) ParamSchedulerHook                 
(VERY_LOW    ) CheckpointHook                     
 -------------------- 
before_val:
(VERY_HIGH   ) RuntimeInfoHook                    
 -------------------- 
before_val_epoch:
(NORMAL      ) IterTimerHook                      
 -------------------- 
before_val_iter:
(NORMAL      ) IterTimerHook                      
 -------------------- 
after_val_iter:
(NORMAL      ) IterTimerHook                      
(NORMAL      ) SegVisualizationHook               
(BELOW_NORMAL) LoggerHook                         
 -------------------- 
after_val_epoch:
(VERY_HIGH   ) RuntimeInfoHook                    
(NORMAL      ) IterTimerHook                      
(BELOW_NORMAL) LoggerHook                         
(LOW         ) ParamSchedulerHook                 
(VERY_LOW    ) CheckpointHook                     
 -------------------- 
after_val:
(VERY_HIGH   ) RuntimeInfoHook                    
 -------------------- 
after_train:
(VERY_HIGH   ) RuntimeInfoHook                    
(VERY_LOW    ) CheckpointHook                     
 -------------------- 
before_test:
(VERY_HIGH   ) RuntimeInfoHook                    
 -------------------- 
before_test_epoch:
(NORMAL      ) IterTimerHook                      
 -------------------- 
before_test_iter:
(NORMAL      ) IterTimerHook                      
 -------------------- 
after_test_iter:
(NORMAL      ) IterTimerHook                      
(NORMAL      ) SegVisualizationHook               
(BELOW_NORMAL) LoggerHook                         
 -------------------- 
after_test_epoch:
(VERY_HIGH   ) RuntimeInfoHook                    
(NORMAL      ) IterTimerHook                      
(BELOW_NORMAL) LoggerHook                         
 -------------------- 
after_test:
(VERY_HIGH   ) RuntimeInfoHook                    
 -------------------- 
after_run:
(BELOW_NORMAL) LoggerHook                         
 -------------------- 
2025/04/20 17:12:50 - mmengine - WARNING - The prefix is not set in metric class IoUMetric.
2025/04/20 17:12:51 - mmengine - INFO - Iter(test) [  50/1449]    eta: 0:00:47  time: 0.0163  data_time: 0.0007  memory: 480  
2025/04/20 17:12:52 - mmengine - INFO - Iter(test) [ 100/1449]    eta: 0:00:33  time: 0.0159  data_time: 0.0008  memory: 473  
2025/04/20 17:12:53 - mmengine - INFO - Iter(test) [ 150/1449]    eta: 0:00:28  time: 0.0170  data_time: 0.0008  memory: 489  
2025/04/20 17:12:54 - mmengine - INFO - Iter(test) [ 200/1449]    eta: 0:00:25  time: 0.0158  data_time: 0.0008  memory: 478  
2025/04/20 17:12:54 - mmengine - INFO - Iter(test) [ 250/1449]    eta: 0:00:23  time: 0.0154  data_time: 0.0008  memory: 478  
2025/04/20 17:12:55 - mmengine - INFO - Iter(test) [ 300/1449]    eta: 0:00:21  time: 0.0152  data_time: 0.0007  memory: 476  
2025/04/20 17:12:56 - mmengine - INFO - Iter(test) [ 350/1449]    eta: 0:00:20  time: 0.0147  data_time: 0.0008  memory: 475  
2025/04/20 17:12:57 - mmengine - INFO - Iter(test) [ 400/1449]    eta: 0:00:18  time: 0.0170  data_time: 0.0008  memory: 478  
2025/04/20 17:12:58 - mmengine - INFO - Iter(test) [ 450/1449]    eta: 0:00:17  time: 0.0158  data_time: 0.0008  memory: 476  
2025/04/20 17:12:58 - mmengine - INFO - Iter(test) [ 500/1449]    eta: 0:00:16  time: 0.0172  data_time: 0.0008  memory: 494  
2025/04/20 17:12:59 - mmengine - INFO - Iter(test) [ 550/1449]    eta: 0:00:15  time: 0.0152  data_time: 0.0008  memory: 479  
2025/04/20 17:13:00 - mmengine - INFO - Iter(test) [ 600/1449]    eta: 0:00:14  time: 0.0154  data_time: 0.0008  memory: 477  
2025/04/20 17:13:01 - mmengine - INFO - Iter(test) [ 650/1449]    eta: 0:00:13  time: 0.0170  data_time: 0.0007  memory: 473  
2025/04/20 17:13:02 - mmengine - INFO - Iter(test) [ 700/1449]    eta: 0:00:12  time: 0.0160  data_time: 0.0009  memory: 478  
2025/04/20 17:13:02 - mmengine - INFO - Iter(test) [ 750/1449]    eta: 0:00:11  time: 0.0147  data_time: 0.0008  memory: 476  
2025/04/20 17:13:03 - mmengine - INFO - Iter(test) [ 800/1449]    eta: 0:00:10  time: 0.0194  data_time: 0.0008  memory: 483  
2025/04/20 17:13:04 - mmengine - INFO - Iter(test) [ 850/1449]    eta: 0:00:10  time: 0.0147  data_time: 0.0008  memory: 476  
2025/04/20 17:13:05 - mmengine - INFO - Iter(test) [ 900/1449]    eta: 0:00:09  time: 0.0158  data_time: 0.0007  memory: 473  
2025/04/20 17:13:05 - mmengine - INFO - Iter(test) [ 950/1449]    eta: 0:00:08  time: 0.0159  data_time: 0.0008  memory: 473  
2025/04/20 17:13:06 - mmengine - INFO - Iter(test) [1000/1449]    eta: 0:00:07  time: 0.0158  data_time: 0.0008  memory: 479  
2025/04/20 17:13:07 - mmengine - INFO - Iter(test) [1050/1449]    eta: 0:00:06  time: 0.0148  data_time: 0.0008  memory: 475  
2025/04/20 17:13:08 - mmengine - INFO - Iter(test) [1100/1449]    eta: 0:00:05  time: 0.0170  data_time: 0.0008  memory: 485  
2025/04/20 17:13:09 - mmengine - INFO - Iter(test) [1150/1449]    eta: 0:00:04  time: 0.0159  data_time: 0.0008  memory: 476  
2025/04/20 17:13:09 - mmengine - INFO - Iter(test) [1200/1449]    eta: 0:00:04  time: 0.0165  data_time: 0.0008  memory: 478  
2025/04/20 17:13:10 - mmengine - INFO - Iter(test) [1250/1449]    eta: 0:00:03  time: 0.0152  data_time: 0.0008  memory: 483  
2025/04/20 17:13:11 - mmengine - INFO - Iter(test) [1300/1449]    eta: 0:00:02  time: 0.0147  data_time: 0.0007  memory: 478  
2025/04/20 17:13:12 - mmengine - INFO - Iter(test) [1350/1449]    eta: 0:00:01  time: 0.0169  data_time: 0.0007  memory: 476  
2025/04/20 17:13:12 - mmengine - INFO - Iter(test) [1400/1449]    eta: 0:00:00  time: 0.0147  data_time: 0.0008  memory: 473  
2025/04/20 17:13:13 - mmengine - INFO - per class results:
2025/04/20 17:13:13 - mmengine - INFO - 
+-------------+-------+------+
|    Class    |  IoU  | Acc  |
+-------------+-------+------+
|  aeroplane  |  6.72 | 6.73 |
|   bicycle   |  5.2  | 5.24 |
|     bird    |  4.77 | 4.77 |
|     boat    |  4.22 | 4.22 |
|    bottle   |  4.38 | 4.39 |
|     bus     |  5.63 | 5.64 |
|     car     |  8.57 | 8.66 |
|     cat     |  6.14 | 6.15 |
|    chair    |  1.04 | 1.04 |
|     cow     |  6.33 | 6.34 |
| diningtable |  4.43 | 4.66 |
|     dog     |  7.69 | 7.7  |
|    horse    |  8.81 | 8.83 |
|  motorbike  |  2.34 | 2.35 |
|    person   | 20.81 | 99.7 |
| pottedplant |  1.94 | 1.94 |
|    sheep    |  7.23 | 7.25 |
|     sofa    |  2.09 | 2.1  |
|    train    |  6.52 | 6.52 |
|  tvmonitor  |  0.42 | 0.42 |
+-------------+-------+------+
2025/04/20 17:13:13 - mmengine - INFO - Iter(test) [1449/1449]    aAcc: 24.1900  mIoU: 5.7700  mAcc: 9.7300  data_time: 0.0012  time: 0.0162
